<?xml version="1.0" encoding="UTF-8"?>
<!-- Generated by org.testng.reporters.JUnitXMLReporter -->
<testsuite hostname="Oras-PC" name="Default test" tests="16" failures="0" timestamp="11 Sep 2012 06:33:38 GMT" time="0.068" errors="0">
  <testcase name="@BeforeClass addPages3" time="0.0" classname="com.optifyTest.PageDetailTest">
    <failure type="java.lang.RuntimeException" message="Test not implemented">
      <![CDATA[java.lang.RuntimeException: Test not implemented
	at com.optifyTest.PageDetailTest.addPages3(PageDetailTest.java:40)
	at sun.reflect.NativeMethodAccessorImpl.invoke0(Native Method)
	at sun.reflect.NativeMethodAccessorImpl.invoke(Unknown Source)
	at sun.reflect.DelegatingMethodAccessorImpl.invoke(Unknown Source)
	at java.lang.reflect.Method.invoke(Unknown Source)
	at org.testng.internal.MethodInvocationHelper.invokeMethod(MethodInvocationHelper.java:80)
	at org.testng.internal.Invoker.invokeConfigurationMethod(Invoker.java:551)
	at org.testng.internal.Invoker.invokeConfigurations(Invoker.java:213)
	at org.testng.internal.Invoker.invokeConfigurations(Invoker.java:138)
	at org.testng.internal.TestMethodWorker.invokeBeforeClassMethods(TestMethodWorker.java:175)
	at org.testng.internal.TestMethodWorker.run(TestMethodWorker.java:107)
	at org.testng.TestRunner.privateRun(TestRunner.java:767)
	at org.testng.TestRunner.run(TestRunner.java:617)
	at org.testng.SuiteRunner.runTest(SuiteRunner.java:334)
	at org.testng.SuiteRunner.runSequentially(SuiteRunner.java:329)
	at org.testng.SuiteRunner.privateRun(SuiteRunner.java:291)
	at org.testng.SuiteRunner.run(SuiteRunner.java:240)
	at org.testng.SuiteRunnerWorker.runSuite(SuiteRunnerWorker.java:53)
	at org.testng.SuiteRunnerWorker.run(SuiteRunnerWorker.java:87)
	at org.testng.TestNG.runSuitesSequentially(TestNG.java:1197)
	at org.testng.TestNG.runSuitesLocally(TestNG.java:1122)
	at org.testng.TestNG.run(TestNG.java:1030)
	at org.testng.remote.RemoteTestNG.run(RemoteTestNG.java:111)
	at org.testng.remote.RemoteTestNG.initAndRun(RemoteTestNG.java:204)
	at org.testng.remote.RemoteTestNG.main(RemoteTestNG.java:175)
]]>
    </failure>
  </testcase> <!-- @BeforeClass addPages3 -->
  <testcase name="addPages3" time="0.001" classname="com.optifyTest.PageDetailTest">
    <skipped/>
  </testcase> <!-- addPages3 -->
  <testcase name="dashboardLogIn1" time="0.001" classname="com.optifyTest.PageDetailTest">
    <skipped/>
  </testcase> <!-- dashboardLogIn1 -->
  <testcase name="enterToPages2" time="0.001" classname="com.optifyTest.PageDetailTest">
    <skipped/>
  </testcase> <!-- enterToPages2 -->
  <testcase name="enterToPgaeDetail4" time="0.001" classname="com.optifyTest.PageDetailTest">
    <skipped/>
  </testcase> <!-- enterToPgaeDetail4 -->
  <testcase name="export6" time="0.001" classname="com.optifyTest.PageDetailTest">
    <skipped/>
  </testcase> <!-- export6 -->
  <testcase name="getRowCount" time="0.001" classname="com.optifyTest.PageDetailTest">
    <skipped/>
  </testcase> <!-- getRowCount -->
  <testcase name="goBase" time="0.0" classname="com.optifyTest.PageDetailTest">
    <skipped/>
  </testcase> <!-- goBase -->
  <testcase name="helpWithThisPage5" time="0.001" classname="com.optifyTest.PageDetailTest">
    <skipped/>
  </testcase> <!-- helpWithThisPage5 -->
  <testcase name="needHelp" time="0.001" classname="com.optifyTest.PageDetailTest">
    <skipped/>
  </testcase> <!-- needHelp -->
  <testcase name="pageLink7" time="0.001" classname="com.optifyTest.PageDetailTest">
    <skipped/>
  </testcase> <!-- pageLink7 -->
  <testcase name="presenceOfElementLocated" time="0.001" classname="com.optifyTest.PageDetailTest">
    <skipped/>
  </testcase> <!-- presenceOfElementLocated -->
  <testcase name="scrollPage" time="0.001" classname="com.optifyTest.PageDetailTest">
    <skipped/>
  </testcase> <!-- scrollPage -->
  <testcase name="socialShare8" time="0.001" classname="com.optifyTest.PageDetailTest">
    <skipped/>
  </testcase> <!-- socialShare8 -->
  <testcase name="switcWindow" time="0.002" classname="com.optifyTest.PageDetailTest">
    <skipped/>
  </testcase> <!-- switcWindow -->
  <testcase name="tableAction10" time="0.001" classname="com.optifyTest.PageDetailTest">
    <skipped/>
  </testcase> <!-- tableAction10 -->
  <testcase name="tableSort9" time="0.001" classname="com.optifyTest.PageDetailTest">
    <skipped/>
  </testcase> <!-- tableSort9 -->
</testsuite> <!-- Default test -->
