<html>
<head>
<title>TestNG:  Default test</title>
<link href="../testng.css" rel="stylesheet" type="text/css" />
<link href="../my-testng.css" rel="stylesheet" type="text/css" />

<style type="text/css">
.log { display: none;} 
.stack-trace { display: none;} 
</style>
<script type="text/javascript">
<!--
function flip(e) {
  current = e.style.display;
  if (current == 'block') {
    e.style.display = 'none';
    return 0;
  }
  else {
    e.style.display = 'block';
    return 1;
  }
}

function toggleBox(szDivId, elem, msg1, msg2)
{
  var res = -1;  if (document.getElementById) {
    res = flip(document.getElementById(szDivId));
  }
  else if (document.all) {
    // this is the way old msie versions work
    res = flip(document.all[szDivId]);
  }
  if(elem) {
    if(res == 0) elem.innerHTML = msg1; else elem.innerHTML = msg2;
  }

}

function toggleAllBoxes() {
  if (document.getElementsByTagName) {
    d = document.getElementsByTagName('div');
    for (i = 0; i < d.length; i++) {
      if (d[i].className == 'log') {
        flip(d[i]);
      }
    }
  }
}

// -->
</script>

</head>
<body>
<h2 align='center'>Default test</h2><table border='1' align="center">
<tr>
<td>Tests passed/Failed/Skipped:</td><td>0/0/16</td>
</tr><tr>
<td>Started on:</td><td>Tue Sep 11 09:33:38 IDT 2012</td>
</tr>
<tr><td>Total time:</td><td>0 seconds (68 ms)</td>
</tr><tr>
<td>Included groups:</td><td></td>
</tr><tr>
<td>Excluded groups:</td><td></td>
</tr>
</table><p/>
<small><i>(Hover the method name to see the test class name)</i></small><p/>
<table width='100%' border='1' class='invocation-failed'>
<tr><td colspan='4' align='center'><b>FAILED CONFIGURATIONS</b></td></tr>
<tr><td><b>Test method</b></td>
<td width="30%"><b>Exception</b></td>
<td width="10%"><b>Time (seconds)</b></td>
<td><b>Instance</b></td>
</tr>
<tr>
<td title='com.optifyTest.PageDetailTest.addPages3()'><b>addPages3</b><br>Test class: com.optifyTest.PageDetailTest</td>
<td><div><pre>java.lang.RuntimeException: Test not implemented
	at com.optifyTest.PageDetailTest.addPages3(PageDetailTest.java:40)
	at sun.reflect.NativeMethodAccessorImpl.invoke0(Native Method)
	at sun.reflect.NativeMethodAccessorImpl.invoke(Unknown Source)
	at sun.reflect.DelegatingMethodAccessorImpl.invoke(Unknown Source)
	at java.lang.reflect.Method.invoke(Unknown Source)
	at org.testng.internal.MethodInvocationHelper.invokeMethod(MethodInvocationHelper.java:80)
	at org.testng.internal.Invoker.invokeConfigurationMethod(Invoker.java:551)
	at org.testng.internal.Invoker.invokeConfigurations(Invoker.java:213)
	at org.testng.internal.Invoker.invokeConfigurations(Invoker.java:138)
	at org.testng.internal.TestMethodWorker.invokeBeforeClassMethods(TestMethodWorker.java:175)
	at org.testng.internal.TestMethodWorker.run(TestMethodWorker.java:107)
	at org.testng.TestRunner.privateRun(TestRunner.java:767)
	at org.testng.TestRunner.run(TestRunner.java:617)
	at org.testng.SuiteRunner.runTest(SuiteRunner.java:334)
	at org.testng.SuiteRunner.runSequentially(SuiteRunner.java:329)
	at org.testng.SuiteRunner.privateRun(SuiteRunner.java:291)
	at org.testng.SuiteRunner.run(SuiteRunner.java:240)
	at org.testng.SuiteRunnerWorker.runSuite(SuiteRunnerWorker.java:53)
	at org.testng.SuiteRunnerWorker.run(SuiteRunnerWorker.java:87)
	at org.testng.TestNG.runSuitesSequentially(TestNG.java:1197)
	at org.testng.TestNG.runSuitesLocally(TestNG.java:1122)
	at org.testng.TestNG.run(TestNG.java:1030)
	at org.testng.remote.RemoteTestNG.run(RemoteTestNG.java:111)
	at org.testng.remote.RemoteTestNG.initAndRun(RemoteTestNG.java:204)
	at org.testng.remote.RemoteTestNG.main(RemoteTestNG.java:175)
</pre></div><a href='#' onClick='toggleBox("stack-trace1992686325", this, "Click to show all stack frames", "Click to hide stack frames")'>Click to show all stack frames</a>
<div class='stack-trace' id='stack-trace1992686325'><pre>java.lang.RuntimeException: Test not implemented
	at com.optifyTest.PageDetailTest.addPages3(PageDetailTest.java:40)
	at sun.reflect.NativeMethodAccessorImpl.invoke0(Native Method)
	at sun.reflect.NativeMethodAccessorImpl.invoke(Unknown Source)
	at sun.reflect.DelegatingMethodAccessorImpl.invoke(Unknown Source)
	at java.lang.reflect.Method.invoke(Unknown Source)
	at org.testng.internal.MethodInvocationHelper.invokeMethod(MethodInvocationHelper.java:80)
	at org.testng.internal.Invoker.invokeConfigurationMethod(Invoker.java:551)
	at org.testng.internal.Invoker.invokeConfigurations(Invoker.java:213)
	at org.testng.internal.Invoker.invokeConfigurations(Invoker.java:138)
	at org.testng.internal.TestMethodWorker.invokeBeforeClassMethods(TestMethodWorker.java:175)
	at org.testng.internal.TestMethodWorker.run(TestMethodWorker.java:107)
	at org.testng.TestRunner.privateRun(TestRunner.java:767)
	at org.testng.TestRunner.run(TestRunner.java:617)
	at org.testng.SuiteRunner.runTest(SuiteRunner.java:334)
	at org.testng.SuiteRunner.runSequentially(SuiteRunner.java:329)
	at org.testng.SuiteRunner.privateRun(SuiteRunner.java:291)
	at org.testng.SuiteRunner.run(SuiteRunner.java:240)
	at org.testng.SuiteRunnerWorker.runSuite(SuiteRunnerWorker.java:53)
	at org.testng.SuiteRunnerWorker.run(SuiteRunnerWorker.java:87)
	at org.testng.TestNG.runSuitesSequentially(TestNG.java:1197)
	at org.testng.TestNG.runSuitesLocally(TestNG.java:1122)
	at org.testng.TestNG.run(TestNG.java:1030)
	at org.testng.remote.RemoteTestNG.run(RemoteTestNG.java:111)
	at org.testng.remote.RemoteTestNG.initAndRun(RemoteTestNG.java:204)
	at org.testng.remote.RemoteTestNG.main(RemoteTestNG.java:175)
</pre></div></td>
<td>0</td>
<td>com.optifyTest.PageDetailTest@1bb688c0</td></tr>
</table><p>
<table width='100%' border='1' class='invocation-skipped'>
<tr><td colspan='4' align='center'><b>SKIPPED TESTS</b></td></tr>
<tr><td><b>Test method</b></td>
<td width="30%"><b>Exception</b></td>
<td width="10%"><b>Time (seconds)</b></td>
<td><b>Instance</b></td>
</tr>
<tr>
<td title='com.optifyTest.PageDetailTest.addPages3()'><b>addPages3</b><br>Test class: com.optifyTest.PageDetailTest</td>
<td></td>
<td>0</td>
<td>com.optifyTest.PageDetailTest@1bb688c0</td></tr>
<tr>
<td title='com.optifyTest.PageDetailTest.dashboardLogIn1()'><b>dashboardLogIn1</b><br>Test class: com.optifyTest.PageDetailTest</td>
<td></td>
<td>0</td>
<td>com.optifyTest.PageDetailTest@1bb688c0</td></tr>
<tr>
<td title='com.optifyTest.PageDetailTest.enterToPages2()'><b>enterToPages2</b><br>Test class: com.optifyTest.PageDetailTest</td>
<td></td>
<td>0</td>
<td>com.optifyTest.PageDetailTest@1bb688c0</td></tr>
<tr>
<td title='com.optifyTest.PageDetailTest.enterToPgaeDetail4()'><b>enterToPgaeDetail4</b><br>Test class: com.optifyTest.PageDetailTest</td>
<td></td>
<td>0</td>
<td>com.optifyTest.PageDetailTest@1bb688c0</td></tr>
<tr>
<td title='com.optifyTest.PageDetailTest.export6()'><b>export6</b><br>Test class: com.optifyTest.PageDetailTest</td>
<td></td>
<td>0</td>
<td>com.optifyTest.PageDetailTest@1bb688c0</td></tr>
<tr>
<td title='com.optifyTest.PageDetailTest.getRowCount()'><b>getRowCount</b><br>Test class: com.optifyTest.PageDetailTest</td>
<td></td>
<td>0</td>
<td>com.optifyTest.PageDetailTest@1bb688c0</td></tr>
<tr>
<td title='com.optifyTest.PageDetailTest.goBase()'><b>goBase</b><br>Test class: com.optifyTest.PageDetailTest</td>
<td></td>
<td>0</td>
<td>com.optifyTest.PageDetailTest@1bb688c0</td></tr>
<tr>
<td title='com.optifyTest.PageDetailTest.helpWithThisPage5()'><b>helpWithThisPage5</b><br>Test class: com.optifyTest.PageDetailTest</td>
<td></td>
<td>0</td>
<td>com.optifyTest.PageDetailTest@1bb688c0</td></tr>
<tr>
<td title='com.optifyTest.PageDetailTest.needHelp()'><b>needHelp</b><br>Test class: com.optifyTest.PageDetailTest</td>
<td></td>
<td>0</td>
<td>com.optifyTest.PageDetailTest@1bb688c0</td></tr>
<tr>
<td title='com.optifyTest.PageDetailTest.pageLink7()'><b>pageLink7</b><br>Test class: com.optifyTest.PageDetailTest</td>
<td></td>
<td>0</td>
<td>com.optifyTest.PageDetailTest@1bb688c0</td></tr>
<tr>
<td title='com.optifyTest.PageDetailTest.presenceOfElementLocated()'><b>presenceOfElementLocated</b><br>Test class: com.optifyTest.PageDetailTest</td>
<td></td>
<td>0</td>
<td>com.optifyTest.PageDetailTest@1bb688c0</td></tr>
<tr>
<td title='com.optifyTest.PageDetailTest.scrollPage()'><b>scrollPage</b><br>Test class: com.optifyTest.PageDetailTest</td>
<td></td>
<td>0</td>
<td>com.optifyTest.PageDetailTest@1bb688c0</td></tr>
<tr>
<td title='com.optifyTest.PageDetailTest.socialShare8()'><b>socialShare8</b><br>Test class: com.optifyTest.PageDetailTest</td>
<td></td>
<td>0</td>
<td>com.optifyTest.PageDetailTest@1bb688c0</td></tr>
<tr>
<td title='com.optifyTest.PageDetailTest.switcWindow()'><b>switcWindow</b><br>Test class: com.optifyTest.PageDetailTest</td>
<td></td>
<td>0</td>
<td>com.optifyTest.PageDetailTest@1bb688c0</td></tr>
<tr>
<td title='com.optifyTest.PageDetailTest.tableAction10()'><b>tableAction10</b><br>Test class: com.optifyTest.PageDetailTest</td>
<td></td>
<td>0</td>
<td>com.optifyTest.PageDetailTest@1bb688c0</td></tr>
<tr>
<td title='com.optifyTest.PageDetailTest.tableSort9()'><b>tableSort9</b><br>Test class: com.optifyTest.PageDetailTest</td>
<td></td>
<td>0</td>
<td>com.optifyTest.PageDetailTest@1bb688c0</td></tr>
</table><p>
</body>
</html>