2/11/2013
com.optifyTest.Keywords,,tableActions,,Testing saving keywords to group.,,Timed out after 10 seconds waiting for com.optifyTest.Keywords$1@19a1780
Build info: version: '2.24.1', revision: '17205', time: '2012-06-19 17:28:14'
System info: os.name: 'Linux', os.arch: 'i386', os.version: '3.6.11-5.fc17.i686', java.version: '1.7.0_09-icedtea'
Driver info: driver.version: unknown,,org.openqa.selenium.TimeoutException: Timed out after 10 seconds waiting for com.optifyTest.Keywords$1@19a1780
Build info: version: '2.24.1', revision: '17205', time: '2012-06-19 17:28:14'
System info: os.name: 'Linux', os.arch: 'i386', os.version: '3.6.11-5.fc17.i686', java.version: '1.7.0_09-icedtea'
Driver info: driver.version: unknown
	at org.openqa.selenium.support.ui.FluentWait.timeoutException(FluentWait.java:251)
	at org.openqa.selenium.support.ui.FluentWait.until(FluentWait.java:220)
	at com.optifyTest.Keywords.tableSearch_go(Keywords.java:953)
	at com.optifyTest.Keywords.tableSearch_go(Keywords.java:960)
	at com.optifyTest.Keywords.tableSearch_go(Keywords.java:960)
	at com.optifyTest.Keywords.tableSearch_go(Keywords.java:960)
	at com.optifyTest.Keywords.tableSearch_go(Keywords.java:960)
	at com.optifyTest.Keywords.tableActions_saveKeywordToGroup(Keywords.java:975)
	at com.optifyTest.Keywords.tableActions_saveKeywordToGroup(Keywords.java:1011)
	at com.optifyTest.Keywords.tableActions_saveKeywordToGroup(Keywords.java:1011)
	at com.optifyTest.Keywords.tableActions_saveKeywordToGroup(Keywords.java:1011)
	at com.optifyTest.Keywords.tableActions_saveKeywordToGroup(Keywords.java:1011)
	at com.optifyTest.Keywords.tableActions(Keywords.java:265)
	at sun.reflect.NativeMethodAccessorImpl.invoke0(Native Method)
	at sun.reflect.NativeMethodAccessorImpl.invoke(NativeMethodAccessorImpl.java:57)
	at sun.reflect.DelegatingMethodAccessorImpl.invoke(DelegatingMethodAccessorImpl.java:43)
	at java.lang.reflect.Method.invoke(Method.java:601)
	at org.junit.runners.model.FrameworkMethod$1.runReflectiveCall(FrameworkMethod.java:45)
	at org.junit.internal.runners.model.ReflectiveCallable.run(ReflectiveCallable.java:15)
	at org.junit.runners.model.FrameworkMethod.invokeExplosively(FrameworkMethod.java:42)
	at org.junit.internal.runners.statements.InvokeMethod.evaluate(InvokeMethod.java:20)
	at org.junit.runners.ParentRunner.runLeaf(ParentRunner.java:263)
	at org.junit.runners.BlockJUnit4ClassRunner.runChild(BlockJUnit4ClassRunner.java:68)
	at org.junit.runners.BlockJUnit4ClassRunner.runChild(BlockJUnit4ClassRunner.java:47)
	at org.junit.runners.ParentRunner$3.run(ParentRunner.java:231)
	at org.junit.runners.ParentRunner$1.schedule(ParentRunner.java:60)
	at org.junit.runners.ParentRunner.runChildren(ParentRunner.java:229)
	at org.junit.runners.ParentRunner.access$000(ParentRunner.java:50)
	at org.junit.runners.ParentRunner$2.evaluate(ParentRunner.java:222)
	at org.junit.internal.runners.statements.RunBefores.evaluate(RunBefores.java:28)
	at org.junit.internal.runners.statements.RunAfters.evaluate(RunAfters.java:30)
	at org.junit.runners.ParentRunner.run(ParentRunner.java:300)
	at org.junit.runners.Suite.runChild(Suite.java:128)
	at org.junit.runners.Suite.runChild(Suite.java:24)
	at org.junit.runners.ParentRunner$3.run(ParentRunner.java:231)
	at org.junit.runners.ParentRunner$1.schedule(ParentRunner.java:60)
	at org.junit.runners.ParentRunner.runChildren(ParentRunner.java:229)
	at org.junit.runners.ParentRunner.access$000(ParentRunner.java:50)
	at org.junit.runners.ParentRunner$2.evaluate(ParentRunner.java:222)
	at org.junit.runners.ParentRunner.run(ParentRunner.java:300)
	at org.junit.runner.JUnitCore.run(JUnitCore.java:157)
	at org.junit.runner.JUnitCore.run(JUnitCore.java:136)
	at org.junit.runner.JUnitCore.run(JUnitCore.java:117)
	at com.optifyTest.MainTest.testKeywords(MainTest.java:95)
	at com.optifyTest.MainTest.run(MainTest.java:61)
	at java.lang.Thread.run(Thread.java:722)
Caused by: org.openqa.selenium.NoSuchElementException: The element could not be found (WARNING: The server did not provide any stacktrace information)
Command duration or timeout: 13 milliseconds
For documentation on this error, please visit: http://seleniumhq.org/exceptions/no_such_element.html
Build info: version: '2.24.1', revision: '17205', time: '2012-06-19 17:28:14'
System info: os.name: 'Linux', os.arch: 'i386', os.version: '3.6.11-5.fc17.i686', java.version: '1.7.0_09-icedtea'
Driver info: driver.version: RemoteWebDriver
Session ID: 498dd122a6db4a16effd2ad73bf1b02f
	at sun.reflect.GeneratedConstructorAccessor14.newInstance(Unknown Source)
	at sun.reflect.DelegatingConstructorAccessorImpl.newInstance(DelegatingConstructorAccessorImpl.java:45)
	at java.lang.reflect.Constructor.newInstance(Constructor.java:525)
	at org.openqa.selenium.remote.ErrorHandler.createThrowable(ErrorHandler.java:188)
	at org.openqa.selenium.remote.ErrorHandler.throwIfResponseFailed(ErrorHandler.java:145)
	at org.openqa.selenium.remote.RemoteWebDriver.execute(RemoteWebDriver.java:472)
	at org.openqa.selenium.remote.RemoteWebDriver.findElement(RemoteWebDriver.java:242)
	at org.openqa.selenium.remote.RemoteWebDriver.findElementByXPath(RemoteWebDriver.java:327)
	at org.openqa.selenium.By$ByXPath.findElement(By.java:343)
	at org.openqa.selenium.remote.RemoteWebDriver.findElement(RemoteWebDriver.java:234)
	at com.optifyTest.Keywords$1.apply(Keywords.java:373)
	at com.optifyTest.Keywords$1.apply(Keywords.java:1)
	at org.openqa.selenium.support.ui.FluentWait.until(FluentWait.java:200)
	... 44 more

