<!DOCTYPE html PUBLIC '-//W3C//DTD XHTML 1.0 Transitional//EN' 'http://www.w3.org/TR/xhtml1/DTD/xhtml1-transitional.dtd'>
<html xmlns='http://www.w3.org/1999/xhtml'>
<head>
<meta http-equiv='Content-Type' content='text/html; charset=utf-8' />
<title>Optify Automation Report</title>
</head>
<body>

<table width='873' height='328' border='0'>
<tr>
<th height='68' colspan='6' bgcolor='#7AC8F1' scope='col'><h1 align='left' class='Head_line'>    <em> &nbsp;  &nbsp;  Optify Automation Test Report </em></h1></th>
</tr>
<tr>
<th height='21' colspan='6' bgcolor='#CCCCCC' class='Summary' style='font-size: 14px; font-style: italic;' scope='col'><div align='left'>Tested by Optify Automation Suite ver2.0 </th>
</tr>
<tr>
  <td height='38' colspan='6' bgcolor='#FFFFFF' class='summary'>&nbsp;</td>
</tr>
<tr>
<td height='31' colspan='2' bgcolor='#7AC8F1' class='summary'><strong><span class='summary_headline'>System tested</span></td>
<td height='31' bgcolor='#7AC8F1' class='summary'><strong><span class='summary_headline'>Today date</span></td>
<td height='31' bgcolor='#7AC8F1' class='summary'><strong><span class='summary_headline'>Generate time</td>
<td height='31' colspan='2' bgcolor='#7AC8F1' class='summary'><strong><span class='summary_headline'>Browser</span></td>
</tr>
<tr>
	<td height='24' colspan='2' bgcolor='#CCCCCC' class='summary'><span class='summary_headline' style='font-weight: normal'>https://staging.optifyit.com</span></td>
	<td height='24' bgcolor='#CCCCCC' class='summary_headline' style='font-weight: normal'>3/5/2013</td>
	<td height='24' bgcolor='#CCCCCC' class='summary_headline' style='font-weight: normal'>15:13</td>
	<td height='24' colspan='2' bgcolor='#CCCCCC' class='summary'><span class='summary_headline' style='font-weight: normal'>Google Chrome 23.0m</span></td>
</tr>
<tr>
<td height='46' colspan='5' class='summary' style='font-size: 20px' align='left' scope='col'><p>Summary</p></th>
</tr>
<tr>
	<td width='94' height='26' bgcolor='#7AC8F1' class='summary_headline'><strong>Tests</td>
	<td width='148' bgcolor='#7AC8F1' class='summary_headline'><strong>Failures</td>
	<td width='129' bgcolor='#7AC8F1' class='summary_headline'><strong>Success Rate</td>
	<td width='175' bgcolor='#7AC8F1' class='summary_headline'><strong>Average Time </td>
	<td width='133' bgcolor='#7AC8F1' class='summary_headline'><strong>Min Time</td>
	<td width='168' bgcolor='#7AC8F1' class='summary_headline'><strong>Max Time</td>
</tr>
<tr>
  <td height='22' bgcolor='#CCCCCC'>52</td>
   <td height='22' bgcolor='#CCCCCC'>26</td>
   <td height='22' bgcolor='#CCCCCC'>50%</td>
   <td height='22' bgcolor='#CCCCCC'>0:8:12</td>
   <td height='22' bgcolor='#CCCCCC'>N/A</td>
   <td height='22' bgcolor='#CCCCCC'>N/A</td>
</tr>
<tr>
	<td height='17' colspan='6' class='summary' style='font-size: 10px'>&nbsp;</td>
</tr>
</table>
<table width='1229' border='0'>
<tr>
<th height='46' colspan='5' class='summary' style='font-size: 20px' align='left' scope='col'><p>Failures</p></th>
</tr>
<tr>
  <td width='192' height='27' bgcolor='#7AC8F1'><strong><span class='summary_headline'>Page name</span></td>
  <td width='203' bgcolor='#7AC8F1'><strong><span class='summary_headline'>Object name</span></td>
  <td width='204' bgcolor='#7AC8F1'><strong><span class='summary_headline'>Action performed</span></td>
  <td width='285' bgcolor='#7AC8F1'><strong><span class='summary_headline'>Error description</span></td>
  <td width='323' bgcolor='#7AC8F1'><strong><span class='summary_headline'>Trace</span></td>
</tr>
<tr>
<td height='37' bgcolor='#CCCCCC'>com.optifyTest.TwitterForBusiness</td>
<td bgcolor='#CCCCCC'>postTwitt</td>
<td bgcolor='#CCCCCC'>Checking sent twitt.</td>
<td bgcolor='#CCCCCC' style='text-align: left'>Message expected:<[1342]> but was:<[Chec]></td>
<td bgcolor='#CCCCCC'><form id='form1' name='form1' method='post' action=''>
<textarea name='Trace' cols='135' rows='10' disabled='disabled' readonly='readonly' id='Trace'>
junit.framework.ComparisonFailure: Message expected:<[1342]> but was:<[Chec]>
	at junit.framework.Assert.assertEquals(Assert.java:85)
	at com.optifyTest.TwitterForBusiness.postTwitt_checkSend(TwitterForBusiness.java:388)
	at com.optifyTest.TwitterForBusiness.postTwitt(TwitterForBusiness.java:99)
	at sun.reflect.NativeMethodAccessorImpl.invoke0(Native Method)
	at sun.reflect.NativeMethodAccessorImpl.invoke(NativeMethodAccessorImpl.java:57)
	at sun.reflect.DelegatingMethodAccessorImpl.invoke(DelegatingMethodAccessorImpl.java:43)
	at java.lang.reflect.Method.invoke(Method.java:601)
	at org.junit.runners.model.FrameworkMethod$1.runReflectiveCall(FrameworkMethod.java:45)
	at org.junit.internal.runners.model.ReflectiveCallable.run(ReflectiveCallable.java:15)
	at org.junit.runners.model.FrameworkMethod.invokeExplosively(FrameworkMethod.java:42)
	at org.junit.internal.runners.statements.InvokeMethod.evaluate(InvokeMethod.java:20)
	at org.junit.runners.ParentRunner.runLeaf(ParentRunner.java:263)
	at org.junit.runners.BlockJUnit4ClassRunner.runChild(BlockJUnit4ClassRunner.java:68)
	at org.junit.runners.BlockJUnit4ClassRunner.runChild(BlockJUnit4ClassRunner.java:47)
	at org.junit.runners.ParentRunner$3.run(ParentRunner.java:231)
	at org.junit.runners.ParentRunner$1.schedule(ParentRunner.java:60)
	at org.junit.runners.ParentRunner.runChildren(ParentRunner.java:229)
	at org.junit.runners.ParentRunner.access$000(ParentRunner.java:50)
	at org.junit.runners.ParentRunner$2.evaluate(ParentRunner.java:222)
	at org.junit.internal.runners.statements.RunBefores.evaluate(RunBefores.java:28)
	at org.junit.internal.runners.statements.RunAfters.evaluate(RunAfters.java:30)
	at org.junit.runners.ParentRunner.run(ParentRunner.java:300)
	at org.junit.runners.Suite.runChild(Suite.java:128)
	at org.junit.runners.Suite.runChild(Suite.java:24)
	at org.junit.runners.ParentRunner$3.run(ParentRunner.java:231)
	at org.junit.runners.ParentRunner$1.schedule(ParentRunner.java:60)
	at org.junit.runners.ParentRunner.runChildren(ParentRunner.java:229)
	at org.junit.runners.ParentRunner.access$000(ParentRunner.java:50)
	at org.junit.runners.ParentRunner$2.evaluate(ParentRunner.java:222)
	at org.junit.runners.ParentRunner.run(ParentRunner.java:300)
	at org.junit.runner.JUnitCore.run(JUnitCore.java:157)
	at org.junit.runner.JUnitCore.run(JUnitCore.java:136)
	at org.junit.runner.JUnitCore.run(JUnitCore.java:117)
	at com.optifyTest.MainTest.run(MainTest.java:62)
	at java.lang.Thread.run(Thread.java:722)
</textarea>
</form></td>
</tr>
<tr>
<td height='37' bgcolor='#CCCCCC'>com.optifyTest.TwitterForBusiness</td>
<td bgcolor='#CCCCCC'>switchAccount</td>
<td bgcolor='#CCCCCC'></td>
<td bgcolor='#CCCCCC' style='text-align: left'>Message expected:<[1342]> but was:<[I lo]></td>
<td bgcolor='#CCCCCC'><form id='form1' name='form1' method='post' action=''>
<textarea name='Trace' cols='135' rows='10' disabled='disabled' readonly='readonly' id='Trace'>
junit.framework.ComparisonFailure: Message expected:<[1342]> but was:<[I lo]>
	at junit.framework.Assert.assertEquals(Assert.java:85)
	at com.optifyTest.TwitterForBusiness.outBox_test(TwitterForBusiness.java:903)
	at com.optifyTest.TwitterForBusiness.switchAccount_test(TwitterForBusiness.java:971)
	at com.optifyTest.TwitterForBusiness.switchAccount(TwitterForBusiness.java:313)
	at sun.reflect.NativeMethodAccessorImpl.invoke0(Native Method)
	at sun.reflect.NativeMethodAccessorImpl.invoke(NativeMethodAccessorImpl.java:57)
	at sun.reflect.DelegatingMethodAccessorImpl.invoke(DelegatingMethodAccessorImpl.java:43)
	at java.lang.reflect.Method.invoke(Method.java:601)
	at org.junit.runners.model.FrameworkMethod$1.runReflectiveCall(FrameworkMethod.java:45)
	at org.junit.internal.runners.model.ReflectiveCallable.run(ReflectiveCallable.java:15)
	at org.junit.runners.model.FrameworkMethod.invokeExplosively(FrameworkMethod.java:42)
	at org.junit.internal.runners.statements.InvokeMethod.evaluate(InvokeMethod.java:20)
	at org.junit.runners.ParentRunner.runLeaf(ParentRunner.java:263)
	at org.junit.runners.BlockJUnit4ClassRunner.runChild(BlockJUnit4ClassRunner.java:68)
	at org.junit.runners.BlockJUnit4ClassRunner.runChild(BlockJUnit4ClassRunner.java:47)
	at org.junit.runners.ParentRunner$3.run(ParentRunner.java:231)
	at org.junit.runners.ParentRunner$1.schedule(ParentRunner.java:60)
	at org.junit.runners.ParentRunner.runChildren(ParentRunner.java:229)
	at org.junit.runners.ParentRunner.access$000(ParentRunner.java:50)
	at org.junit.runners.ParentRunner$2.evaluate(ParentRunner.java:222)
	at org.junit.internal.runners.statements.RunBefores.evaluate(RunBefores.java:28)
	at org.junit.internal.runners.statements.RunAfters.evaluate(RunAfters.java:30)
	at org.junit.runners.ParentRunner.run(ParentRunner.java:300)
	at org.junit.runners.Suite.runChild(Suite.java:128)
	at org.junit.runners.Suite.runChild(Suite.java:24)
	at org.junit.runners.ParentRunner$3.run(ParentRunner.java:231)
	at org.junit.runners.ParentRunner$1.schedule(ParentRunner.java:60)
	at org.junit.runners.ParentRunner.runChildren(ParentRunner.java:229)
	at org.junit.runners.ParentRunner.access$000(ParentRunner.java:50)
	at org.junit.runners.ParentRunner$2.evaluate(ParentRunner.java:222)
	at org.junit.runners.ParentRunner.run(ParentRunner.java:300)
	at org.junit.runner.JUnitCore.run(JUnitCore.java:157)
	at org.junit.runner.JUnitCore.run(JUnitCore.java:136)
	at org.junit.runner.JUnitCore.run(JUnitCore.java:117)
	at com.optifyTest.MainTest.run(MainTest.java:62)
	at java.lang.Thread.run(Thread.java:722)
</textarea>
</form></td>
</tr>
<tr>
<td height='37' bgcolor='#CCCCCC'>com.optifyTest.TwitterForBusiness</td>
<td bgcolor='#CCCCCC'>outBox</td>
<td bgcolor='#CCCCCC'></td>
<td bgcolor='#CCCCCC' style='text-align: left'>Message expected:<[1341]> but was:<[I lo]></td>
<td bgcolor='#CCCCCC'><form id='form1' name='form1' method='post' action=''>
<textarea name='Trace' cols='135' rows='10' disabled='disabled' readonly='readonly' id='Trace'>
junit.framework.ComparisonFailure: Message expected:<[1341]> but was:<[I lo]>
	at junit.framework.Assert.assertEquals(Assert.java:85)
	at com.optifyTest.TwitterForBusiness.outBox_test(TwitterForBusiness.java:903)
	at com.optifyTest.TwitterForBusiness.outBox(TwitterForBusiness.java:291)
	at sun.reflect.NativeMethodAccessorImpl.invoke0(Native Method)
	at sun.reflect.NativeMethodAccessorImpl.invoke(NativeMethodAccessorImpl.java:57)
	at sun.reflect.DelegatingMethodAccessorImpl.invoke(DelegatingMethodAccessorImpl.java:43)
	at java.lang.reflect.Method.invoke(Method.java:601)
	at org.junit.runners.model.FrameworkMethod$1.runReflectiveCall(FrameworkMethod.java:45)
	at org.junit.internal.runners.model.ReflectiveCallable.run(ReflectiveCallable.java:15)
	at org.junit.runners.model.FrameworkMethod.invokeExplosively(FrameworkMethod.java:42)
	at org.junit.internal.runners.statements.InvokeMethod.evaluate(InvokeMethod.java:20)
	at org.junit.runners.ParentRunner.runLeaf(ParentRunner.java:263)
	at org.junit.runners.BlockJUnit4ClassRunner.runChild(BlockJUnit4ClassRunner.java:68)
	at org.junit.runners.BlockJUnit4ClassRunner.runChild(BlockJUnit4ClassRunner.java:47)
	at org.junit.runners.ParentRunner$3.run(ParentRunner.java:231)
	at org.junit.runners.ParentRunner$1.schedule(ParentRunner.java:60)
	at org.junit.runners.ParentRunner.runChildren(ParentRunner.java:229)
	at org.junit.runners.ParentRunner.access$000(ParentRunner.java:50)
	at org.junit.runners.ParentRunner$2.evaluate(ParentRunner.java:222)
	at org.junit.internal.runners.statements.RunBefores.evaluate(RunBefores.java:28)
	at org.junit.internal.runners.statements.RunAfters.evaluate(RunAfters.java:30)
	at org.junit.runners.ParentRunner.run(ParentRunner.java:300)
	at org.junit.runners.Suite.runChild(Suite.java:128)
	at org.junit.runners.Suite.runChild(Suite.java:24)
	at org.junit.runners.ParentRunner$3.run(ParentRunner.java:231)
	at org.junit.runners.ParentRunner$1.schedule(ParentRunner.java:60)
	at org.junit.runners.ParentRunner.runChildren(ParentRunner.java:229)
	at org.junit.runners.ParentRunner.access$000(ParentRunner.java:50)
	at org.junit.runners.ParentRunner$2.evaluate(ParentRunner.java:222)
	at org.junit.runners.ParentRunner.run(ParentRunner.java:300)
	at org.junit.runner.JUnitCore.run(JUnitCore.java:157)
	at org.junit.runner.JUnitCore.run(JUnitCore.java:136)
	at org.junit.runner.JUnitCore.run(JUnitCore.java:117)
	at com.optifyTest.MainTest.run(MainTest.java:62)
	at java.lang.Thread.run(Thread.java:722)
</textarea>
</form></td>
</tr>
<tr>
<td height='37' bgcolor='#CCCCCC'>com.optifyTest.TwitterForBusiness</td>
<td bgcolor='#CCCCCC'>tableActionsRetweet</td>
<td bgcolor='#CCCCCC'></td>
<td bgcolor='#CCCCCC' style='text-align: left'>Message expected:<[RT @oras1 Chec]> but was:<[Check out my p]></td>
<td bgcolor='#CCCCCC'><form id='form1' name='form1' method='post' action=''>
<textarea name='Trace' cols='135' rows='10' disabled='disabled' readonly='readonly' id='Trace'>
junit.framework.ComparisonFailure: Message expected:<[RT @oras1 Chec]> but was:<[Check out my p]>
	at junit.framework.Assert.assertEquals(Assert.java:85)
	at com.optifyTest.TwitterForBusiness.tableActionsRetweet_replayOutput(TwitterForBusiness.java:777)
	at com.optifyTest.TwitterForBusiness.tableActionsRetweet(TwitterForBusiness.java:251)
	at sun.reflect.NativeMethodAccessorImpl.invoke0(Native Method)
	at sun.reflect.NativeMethodAccessorImpl.invoke(NativeMethodAccessorImpl.java:57)
	at sun.reflect.DelegatingMethodAccessorImpl.invoke(DelegatingMethodAccessorImpl.java:43)
	at java.lang.reflect.Method.invoke(Method.java:601)
	at org.junit.runners.model.FrameworkMethod$1.runReflectiveCall(FrameworkMethod.java:45)
	at org.junit.internal.runners.model.ReflectiveCallable.run(ReflectiveCallable.java:15)
	at org.junit.runners.model.FrameworkMethod.invokeExplosively(FrameworkMethod.java:42)
	at org.junit.internal.runners.statements.InvokeMethod.evaluate(InvokeMethod.java:20)
	at org.junit.runners.ParentRunner.runLeaf(ParentRunner.java:263)
	at org.junit.runners.BlockJUnit4ClassRunner.runChild(BlockJUnit4ClassRunner.java:68)
	at org.junit.runners.BlockJUnit4ClassRunner.runChild(BlockJUnit4ClassRunner.java:47)
	at org.junit.runners.ParentRunner$3.run(ParentRunner.java:231)
	at org.junit.runners.ParentRunner$1.schedule(ParentRunner.java:60)
	at org.junit.runners.ParentRunner.runChildren(ParentRunner.java:229)
	at org.junit.runners.ParentRunner.access$000(ParentRunner.java:50)
	at org.junit.runners.ParentRunner$2.evaluate(ParentRunner.java:222)
	at org.junit.internal.runners.statements.RunBefores.evaluate(RunBefores.java:28)
	at org.junit.internal.runners.statements.RunAfters.evaluate(RunAfters.java:30)
	at org.junit.runners.ParentRunner.run(ParentRunner.java:300)
	at org.junit.runners.Suite.runChild(Suite.java:128)
	at org.junit.runners.Suite.runChild(Suite.java:24)
	at org.junit.runners.ParentRunner$3.run(ParentRunner.java:231)
	at org.junit.runners.ParentRunner$1.schedule(ParentRunner.java:60)
	at org.junit.runners.ParentRunner.runChildren(ParentRunner.java:229)
	at org.junit.runners.ParentRunner.access$000(ParentRunner.java:50)
	at org.junit.runners.ParentRunner$2.evaluate(ParentRunner.java:222)
	at org.junit.runners.ParentRunner.run(ParentRunner.java:300)
	at org.junit.runner.JUnitCore.run(JUnitCore.java:157)
	at org.junit.runner.JUnitCore.run(JUnitCore.java:136)
	at org.junit.runner.JUnitCore.run(JUnitCore.java:117)
	at com.optifyTest.MainTest.run(MainTest.java:62)
	at java.lang.Thread.run(Thread.java:722)
</textarea>
</form></td>
</tr>
<tr>
<td height='37' bgcolor='#CCCCCC'>com.optifyTest.TwitterForBusiness</td>
<td bgcolor='#CCCCCC'>tableActionsReplay</td>
<td bgcolor='#CCCCCC'></td>
<td bgcolor='#CCCCCC' style='text-align: left'>Message expected:<[@oras1test79]> but was:<[Check out my]></td>
<td bgcolor='#CCCCCC'><form id='form1' name='form1' method='post' action=''>
<textarea name='Trace' cols='135' rows='10' disabled='disabled' readonly='readonly' id='Trace'>
junit.framework.ComparisonFailure: Message expected:<[@oras1test79]> but was:<[Check out my]>
	at junit.framework.Assert.assertEquals(Assert.java:85)
	at com.optifyTest.TwitterForBusiness.tableActionsReplay_message(TwitterForBusiness.java:729)
	at com.optifyTest.TwitterForBusiness.tableActionsReplay(TwitterForBusiness.java:236)
	at sun.reflect.NativeMethodAccessorImpl.invoke0(Native Method)
	at sun.reflect.NativeMethodAccessorImpl.invoke(NativeMethodAccessorImpl.java:57)
	at sun.reflect.DelegatingMethodAccessorImpl.invoke(DelegatingMethodAccessorImpl.java:43)
	at java.lang.reflect.Method.invoke(Method.java:601)
	at org.junit.runners.model.FrameworkMethod$1.runReflectiveCall(FrameworkMethod.java:45)
	at org.junit.internal.runners.model.ReflectiveCallable.run(ReflectiveCallable.java:15)
	at org.junit.runners.model.FrameworkMethod.invokeExplosively(FrameworkMethod.java:42)
	at org.junit.internal.runners.statements.InvokeMethod.evaluate(InvokeMethod.java:20)
	at org.junit.runners.ParentRunner.runLeaf(ParentRunner.java:263)
	at org.junit.runners.BlockJUnit4ClassRunner.runChild(BlockJUnit4ClassRunner.java:68)
	at org.junit.runners.BlockJUnit4ClassRunner.runChild(BlockJUnit4ClassRunner.java:47)
	at org.junit.runners.ParentRunner$3.run(ParentRunner.java:231)
	at org.junit.runners.ParentRunner$1.schedule(ParentRunner.java:60)
	at org.junit.runners.ParentRunner.runChildren(ParentRunner.java:229)
	at org.junit.runners.ParentRunner.access$000(ParentRunner.java:50)
	at org.junit.runners.ParentRunner$2.evaluate(ParentRunner.java:222)
	at org.junit.internal.runners.statements.RunBefores.evaluate(RunBefores.java:28)
	at org.junit.internal.runners.statements.RunAfters.evaluate(RunAfters.java:30)
	at org.junit.runners.ParentRunner.run(ParentRunner.java:300)
	at org.junit.runners.Suite.runChild(Suite.java:128)
	at org.junit.runners.Suite.runChild(Suite.java:24)
	at org.junit.runners.ParentRunner$3.run(ParentRunner.java:231)
	at org.junit.runners.ParentRunner$1.schedule(ParentRunner.java:60)
	at org.junit.runners.ParentRunner.runChildren(ParentRunner.java:229)
	at org.junit.runners.ParentRunner.access$000(ParentRunner.java:50)
	at org.junit.runners.ParentRunner$2.evaluate(ParentRunner.java:222)
	at org.junit.runners.ParentRunner.run(ParentRunner.java:300)
	at org.junit.runner.JUnitCore.run(JUnitCore.java:157)
	at org.junit.runner.JUnitCore.run(JUnitCore.java:136)
	at org.junit.runner.JUnitCore.run(JUnitCore.java:117)
	at com.optifyTest.MainTest.run(MainTest.java:62)
	at java.lang.Thread.run(Thread.java:722)
</textarea>
</form></td>
</tr>
<tr>
<td height='37' bgcolor='#CCCCCC'>com.optifyTest.LeadIntelligence</td>
<td bgcolor='#CCCCCC'>com.optifyTest.LeadIntelligence</td>
<td bgcolor='#CCCCCC'></td>
<td bgcolor='#CCCCCC' style='text-align: left'>Error communicating with the remote browser. It may have died.
Build info: version: '2.24.1', revision: '17205', time: '2012-06-19 17:28:14'
System info: os.name: 'Linux', os.arch: 'i386', os.version: '3.6.11-5.fc17.i686', java.version: '1.7.0_09-icedtea'
Driver info: driver.version: RemoteWebDriver</td>
<td bgcolor='#CCCCCC'><form id='form1' name='form1' method='post' action=''>
<textarea name='Trace' cols='135' rows='10' disabled='disabled' readonly='readonly' id='Trace'>
org.openqa.selenium.remote.UnreachableBrowserException: Error communicating with the remote browser. It may have died.
Build info: version: '2.24.1', revision: '17205', time: '2012-06-19 17:28:14'
System info: os.name: 'Linux', os.arch: 'i386', os.version: '3.6.11-5.fc17.i686', java.version: '1.7.0_09-icedtea'
Driver info: driver.version: RemoteWebDriver
	at org.openqa.selenium.remote.RemoteWebDriver.execute(RemoteWebDriver.java:467)
	at org.openqa.selenium.remote.RemoteWebDriver.execute(RemoteWebDriver.java:476)
	at org.openqa.selenium.remote.RemoteWebDriver.close(RemoteWebDriver.java:341)
	at com.optifyTest.LeadIntelligence.summary(LeadIntelligence.java:307)
	at sun.reflect.NativeMethodAccessorImpl.invoke0(Native Method)
	at sun.reflect.NativeMethodAccessorImpl.invoke(NativeMethodAccessorImpl.java:57)
	at sun.reflect.DelegatingMethodAccessorImpl.invoke(DelegatingMethodAccessorImpl.java:43)
	at java.lang.reflect.Method.invoke(Method.java:601)
	at org.junit.runners.model.FrameworkMethod$1.runReflectiveCall(FrameworkMethod.java:45)
	at org.junit.internal.runners.model.ReflectiveCallable.run(ReflectiveCallable.java:15)
	at org.junit.runners.model.FrameworkMethod.invokeExplosively(FrameworkMethod.java:42)
	at org.junit.internal.runners.statements.RunAfters.evaluate(RunAfters.java:36)
	at org.junit.runners.ParentRunner.run(ParentRunner.java:300)
	at org.junit.runners.Suite.runChild(Suite.java:128)
	at org.junit.runners.Suite.runChild(Suite.java:24)
	at org.junit.runners.ParentRunner$3.run(ParentRunner.java:231)
	at org.junit.runners.ParentRunner$1.schedule(ParentRunner.java:60)
	at org.junit.runners.ParentRunner.runChildren(ParentRunner.java:229)
	at org.junit.runners.ParentRunner.access$000(ParentRunner.java:50)
	at org.junit.runners.ParentRunner$2.evaluate(ParentRunner.java:222)
	at org.junit.runners.ParentRunner.run(ParentRunner.java:300)
	at org.junit.runner.JUnitCore.run(JUnitCore.java:157)
	at org.junit.runner.JUnitCore.run(JUnitCore.java:136)
	at org.junit.runner.JUnitCore.run(JUnitCore.java:117)
	at com.optifyTest.MainTest.run(MainTest.java:62)
	at java.lang.Thread.run(Thread.java:722)
Caused by: org.apache.http.conn.HttpHostConnectException: Connection to http://localhost:19165 refused
	at org.apache.http.impl.conn.DefaultClientConnectionOperator.openConnection(DefaultClientConnectionOperator.java:158)
	at org.apache.http.impl.conn.AbstractPoolEntry.open(AbstractPoolEntry.java:150)
	at org.apache.http.impl.conn.AbstractPooledConnAdapter.open(AbstractPooledConnAdapter.java:121)
	at org.apache.http.impl.client.DefaultRequestDirector.tryConnect(DefaultRequestDirector.java:575)
	at org.apache.http.impl.client.DefaultRequestDirector.execute(DefaultRequestDirector.java:425)
	at org.apache.http.impl.client.AbstractHttpClient.execute(AbstractHttpClient.java:820)
	at org.openqa.selenium.remote.HttpCommandExecutor.fallBackExecute(HttpCommandExecutor.java:319)
	at org.openqa.selenium.remote.HttpCommandExecutor.execute(HttpCommandExecutor.java:297)
	at org.openqa.selenium.remote.RemoteWebDriver.execute(RemoteWebDriver.java:446)
	... 25 more
Caused by: java.net.ConnectException: Connection refused
	at java.net.PlainSocketImpl.socketConnect(Native Method)
	at java.net.AbstractPlainSocketImpl.doConnect(AbstractPlainSocketImpl.java:339)
	at java.net.AbstractPlainSocketImpl.connectToAddress(AbstractPlainSocketImpl.java:200)
	at java.net.AbstractPlainSocketImpl.connect(AbstractPlainSocketImpl.java:182)
	at java.net.SocksSocketImpl.connect(SocksSocketImpl.java:391)
	at java.net.Socket.connect(Socket.java:579)
	at org.apache.http.conn.scheme.PlainSocketFactory.connectSocket(PlainSocketFactory.java:123)
	at org.apache.http.impl.conn.DefaultClientConnectionOperator.openConnection(DefaultClientConnectionOperator.java:148)
	... 33 more
</textarea>
</form></td>
</tr>
<tr>
<td height='37' bgcolor='#CCCCCC'>com.optifyTest.LeadIntelligence</td>
<td bgcolor='#CCCCCC'>com.optifyTest.LeadIntelligence</td>
<td bgcolor='#CCCCCC'></td>
<td bgcolor='#CCCCCC' style='text-align: left'>Timed out waiting for driver server to start.
Build info: version: '2.24.1', revision: '17205', time: '2012-06-19 17:28:14'
System info: os.name: 'Linux', os.arch: 'i386', os.version: '3.6.11-5.fc17.i686', java.version: '1.7.0_09-icedtea'
Driver info: driver.version: unknown</td>
<td bgcolor='#CCCCCC'><form id='form1' name='form1' method='post' action=''>
<textarea name='Trace' cols='135' rows='10' disabled='disabled' readonly='readonly' id='Trace'>
org.openqa.selenium.WebDriverException: Timed out waiting for driver server to start.
Build info: version: '2.24.1', revision: '17205', time: '2012-06-19 17:28:14'
System info: os.name: 'Linux', os.arch: 'i386', os.version: '3.6.11-5.fc17.i686', java.version: '1.7.0_09-icedtea'
Driver info: driver.version: unknown
	at org.openqa.selenium.remote.service.DriverService.start(DriverService.java:179)
	at com.optifyTest.LeadIntelligence.createAndStartService(LeadIntelligence.java:49)
	at sun.reflect.NativeMethodAccessorImpl.invoke0(Native Method)
	at sun.reflect.NativeMethodAccessorImpl.invoke(NativeMethodAccessorImpl.java:57)
	at sun.reflect.DelegatingMethodAccessorImpl.invoke(DelegatingMethodAccessorImpl.java:43)
	at java.lang.reflect.Method.invoke(Method.java:601)
	at org.junit.runners.model.FrameworkMethod$1.runReflectiveCall(FrameworkMethod.java:45)
	at org.junit.internal.runners.model.ReflectiveCallable.run(ReflectiveCallable.java:15)
	at org.junit.runners.model.FrameworkMethod.invokeExplosively(FrameworkMethod.java:42)
	at org.junit.internal.runners.statements.RunBefores.evaluate(RunBefores.java:27)
	at org.junit.internal.runners.statements.RunAfters.evaluate(RunAfters.java:30)
	at org.junit.runners.ParentRunner.run(ParentRunner.java:300)
	at org.junit.runners.Suite.runChild(Suite.java:128)
	at org.junit.runners.Suite.runChild(Suite.java:24)
	at org.junit.runners.ParentRunner$3.run(ParentRunner.java:231)
	at org.junit.runners.ParentRunner$1.schedule(ParentRunner.java:60)
	at org.junit.runners.ParentRunner.runChildren(ParentRunner.java:229)
	at org.junit.runners.ParentRunner.access$000(ParentRunner.java:50)
	at org.junit.runners.ParentRunner$2.evaluate(ParentRunner.java:222)
	at org.junit.runners.ParentRunner.run(ParentRunner.java:300)
	at org.junit.runner.JUnitCore.run(JUnitCore.java:157)
	at org.junit.runner.JUnitCore.run(JUnitCore.java:136)
	at org.junit.runner.JUnitCore.run(JUnitCore.java:117)
	at com.optifyTest.MainTest.run(MainTest.java:62)
	at java.lang.Thread.run(Thread.java:722)
Caused by: org.openqa.selenium.net.UrlChecker$TimeoutException: Timed out waiting for [http://localhost:5497/status] to be available after 20001 ms
	at org.openqa.selenium.net.UrlChecker.waitUntilAvailable(UrlChecker.java:104)
	at org.openqa.selenium.remote.service.DriverService.start(DriverService.java:177)
	... 24 more
Caused by: com.google.common.util.concurrent.UncheckedTimeoutException: java.util.concurrent.TimeoutException
	at com.google.common.util.concurrent.SimpleTimeLimiter.callWithTimeout(SimpleTimeLimiter.java:143)
	at org.openqa.selenium.net.UrlChecker.waitUntilAvailable(UrlChecker.java:79)
	... 25 more
Caused by: java.util.concurrent.TimeoutException
	at java.util.concurrent.FutureTask$Sync.innerGet(FutureTask.java:258)
	at java.util.concurrent.FutureTask.get(FutureTask.java:119)
	at com.google.common.util.concurrent.SimpleTimeLimiter.callWithTimeout(SimpleTimeLimiter.java:130)
	... 26 more
</textarea>
</form></td>
</tr>
<tr>
<td height='37' bgcolor='#CCCCCC'>com.optifyTest.Links</td>
<td bgcolor='#CCCCCC'>addUrls</td>
<td bgcolor='#CCCCCC'></td>
<td bgcolor='#CCCCCC' style='text-align: left'>Element is not visible (WARNING: The server did not provide any stacktrace information)
Command duration or timeout: 21 milliseconds
Build info: version: '2.24.1', revision: '17205', time: '2012-06-19 17:28:14'
System info: os.name: 'Linux', os.arch: 'i386', os.version: '3.6.11-5.fc17.i686', java.version: '1.7.0_09-icedtea'
Driver info: driver.version: RemoteWebDriver
Session ID: 20addf86b848ae55ebfaa6939846140e</td>
<td bgcolor='#CCCCCC'><form id='form1' name='form1' method='post' action=''>
<textarea name='Trace' cols='135' rows='10' disabled='disabled' readonly='readonly' id='Trace'>
org.openqa.selenium.ElementNotVisibleException: Element is not visible (WARNING: The server did not provide any stacktrace information)
Command duration or timeout: 21 milliseconds
Build info: version: '2.24.1', revision: '17205', time: '2012-06-19 17:28:14'
System info: os.name: 'Linux', os.arch: 'i386', os.version: '3.6.11-5.fc17.i686', java.version: '1.7.0_09-icedtea'
Driver info: driver.version: RemoteWebDriver
Session ID: 20addf86b848ae55ebfaa6939846140e
	at sun.reflect.NativeConstructorAccessorImpl.newInstance0(Native Method)
	at sun.reflect.NativeConstructorAccessorImpl.newInstance(NativeConstructorAccessorImpl.java:57)
	at sun.reflect.DelegatingConstructorAccessorImpl.newInstance(DelegatingConstructorAccessorImpl.java:45)
	at java.lang.reflect.Constructor.newInstance(Constructor.java:525)
	at org.openqa.selenium.remote.ErrorHandler.createThrowable(ErrorHandler.java:188)
	at org.openqa.selenium.remote.ErrorHandler.throwIfResponseFailed(ErrorHandler.java:145)
	at org.openqa.selenium.remote.RemoteWebDriver.execute(RemoteWebDriver.java:472)
	at org.openqa.selenium.remote.RemoteWebElement.execute(RemoteWebElement.java:244)
	at org.openqa.selenium.remote.RemoteWebElement.sendKeys(RemoteWebElement.java:87)
	at com.optifyTest.Links.addUrls_test(Links.java:301)
	at com.optifyTest.Links.addUrls_test(Links.java:315)
	at com.optifyTest.Links.addUrls_test(Links.java:315)
	at com.optifyTest.Links.addUrls_test(Links.java:315)
	at com.optifyTest.Links.addUrls_test(Links.java:315)
	at com.optifyTest.Links.addUrls(Links.java:85)
	at sun.reflect.NativeMethodAccessorImpl.invoke0(Native Method)
	at sun.reflect.NativeMethodAccessorImpl.invoke(NativeMethodAccessorImpl.java:57)
	at sun.reflect.DelegatingMethodAccessorImpl.invoke(DelegatingMethodAccessorImpl.java:43)
	at java.lang.reflect.Method.invoke(Method.java:601)
	at org.junit.runners.model.FrameworkMethod$1.runReflectiveCall(FrameworkMethod.java:45)
	at org.junit.internal.runners.model.ReflectiveCallable.run(ReflectiveCallable.java:15)
	at org.junit.runners.model.FrameworkMethod.invokeExplosively(FrameworkMethod.java:42)
	at org.junit.internal.runners.statements.InvokeMethod.evaluate(InvokeMethod.java:20)
	at org.junit.runners.ParentRunner.runLeaf(ParentRunner.java:263)
	at org.junit.runners.BlockJUnit4ClassRunner.runChild(BlockJUnit4ClassRunner.java:68)
	at org.junit.runners.BlockJUnit4ClassRunner.runChild(BlockJUnit4ClassRunner.java:47)
	at org.junit.runners.ParentRunner$3.run(ParentRunner.java:231)
	at org.junit.runners.ParentRunner$1.schedule(ParentRunner.java:60)
	at org.junit.runners.ParentRunner.runChildren(ParentRunner.java:229)
	at org.junit.runners.ParentRunner.access$000(ParentRunner.java:50)
	at org.junit.runners.ParentRunner$2.evaluate(ParentRunner.java:222)
	at org.junit.internal.runners.statements.RunBefores.evaluate(RunBefores.java:28)
	at org.junit.internal.runners.statements.RunAfters.evaluate(RunAfters.java:30)
	at org.junit.runners.ParentRunner.run(ParentRunner.java:300)
	at org.junit.runners.Suite.runChild(Suite.java:128)
	at org.junit.runners.Suite.runChild(Suite.java:24)
	at org.junit.runners.ParentRunner$3.run(ParentRunner.java:231)
	at org.junit.runners.ParentRunner$1.schedule(ParentRunner.java:60)
	at org.junit.runners.ParentRunner.runChildren(ParentRunner.java:229)
	at org.junit.runners.ParentRunner.access$000(ParentRunner.java:50)
	at org.junit.runners.ParentRunner$2.evaluate(ParentRunner.java:222)
	at org.junit.runners.ParentRunner.run(ParentRunner.java:300)
	at org.junit.runner.JUnitCore.run(JUnitCore.java:157)
	at org.junit.runner.JUnitCore.run(JUnitCore.java:136)
	at org.junit.runner.JUnitCore.run(JUnitCore.java:117)
	at com.optifyTest.MainTest.run(MainTest.java:62)
	at java.lang.Thread.run(Thread.java:722)
</textarea>
</form></td>
</tr>
<tr>
<td height='37' bgcolor='#CCCCCC'>com.optifyTest.Links</td>
<td bgcolor='#CCCCCC'>exportCSV</td>
<td bgcolor='#CCCCCC'></td>
<td bgcolor='#CCCCCC' style='text-align: left'>Element is not clickable at point (1207.5, 56.5). Other element would receive the click: <div class="ui-widget-overlay" style="width: 1345px; height: 779px; z-index: 1001;"></div> (WARNING: The server did not provide any stacktrace information)
Command duration or timeout: 11 milliseconds
Build info: version: '2.24.1', revision: '17205', time: '2012-06-19 17:28:14'
System info: os.name: 'Linux', os.arch: 'i386', os.version: '3.6.11-5.fc17.i686', java.version: '1.7.0_09-icedtea'
Driver info: driver.version: RemoteWebDriver
Session ID: 20addf86b848ae55ebfaa6939846140e</td>
<td bgcolor='#CCCCCC'><form id='form1' name='form1' method='post' action=''>
<textarea name='Trace' cols='135' rows='10' disabled='disabled' readonly='readonly' id='Trace'>
org.openqa.selenium.WebDriverException: Element is not clickable at point (1207.5, 56.5). Other element would receive the click: <div class="ui-widget-overlay" style="width: 1345px; height: 779px; z-index: 1001;"></div> (WARNING: The server did not provide any stacktrace information)
Command duration or timeout: 11 milliseconds
Build info: version: '2.24.1', revision: '17205', time: '2012-06-19 17:28:14'
System info: os.name: 'Linux', os.arch: 'i386', os.version: '3.6.11-5.fc17.i686', java.version: '1.7.0_09-icedtea'
Driver info: driver.version: RemoteWebDriver
Session ID: 20addf86b848ae55ebfaa6939846140e
	at sun.reflect.GeneratedConstructorAccessor18.newInstance(Unknown Source)
	at sun.reflect.DelegatingConstructorAccessorImpl.newInstance(DelegatingConstructorAccessorImpl.java:45)
	at java.lang.reflect.Constructor.newInstance(Constructor.java:525)
	at org.openqa.selenium.remote.ErrorHandler.createThrowable(ErrorHandler.java:188)
	at org.openqa.selenium.remote.ErrorHandler.throwIfResponseFailed(ErrorHandler.java:145)
	at org.openqa.selenium.remote.RemoteWebDriver.execute(RemoteWebDriver.java:472)
	at org.openqa.selenium.remote.RemoteWebElement.execute(RemoteWebElement.java:244)
	at org.openqa.selenium.remote.RemoteWebElement.click(RemoteWebElement.java:77)
	at com.optifyTest.Links.exportCSV_test(Links.java:753)
	at com.optifyTest.Links.exportCSV_test(Links.java:762)
	at com.optifyTest.Links.exportCSV_test(Links.java:762)
	at com.optifyTest.Links.exportCSV_test(Links.java:762)
	at com.optifyTest.Links.exportCSV_test(Links.java:762)
	at com.optifyTest.Links.exportCSV(Links.java:176)
	at sun.reflect.NativeMethodAccessorImpl.invoke0(Native Method)
	at sun.reflect.NativeMethodAccessorImpl.invoke(NativeMethodAccessorImpl.java:57)
	at sun.reflect.DelegatingMethodAccessorImpl.invoke(DelegatingMethodAccessorImpl.java:43)
	at java.lang.reflect.Method.invoke(Method.java:601)
	at org.junit.runners.model.FrameworkMethod$1.runReflectiveCall(FrameworkMethod.java:45)
	at org.junit.internal.runners.model.ReflectiveCallable.run(ReflectiveCallable.java:15)
	at org.junit.runners.model.FrameworkMethod.invokeExplosively(FrameworkMethod.java:42)
	at org.junit.internal.runners.statements.InvokeMethod.evaluate(InvokeMethod.java:20)
	at org.junit.runners.ParentRunner.runLeaf(ParentRunner.java:263)
	at org.junit.runners.BlockJUnit4ClassRunner.runChild(BlockJUnit4ClassRunner.java:68)
	at org.junit.runners.BlockJUnit4ClassRunner.runChild(BlockJUnit4ClassRunner.java:47)
	at org.junit.runners.ParentRunner$3.run(ParentRunner.java:231)
	at org.junit.runners.ParentRunner$1.schedule(ParentRunner.java:60)
	at org.junit.runners.ParentRunner.runChildren(ParentRunner.java:229)
	at org.junit.runners.ParentRunner.access$000(ParentRunner.java:50)
	at org.junit.runners.ParentRunner$2.evaluate(ParentRunner.java:222)
	at org.junit.internal.runners.statements.RunBefores.evaluate(RunBefores.java:28)
	at org.junit.internal.runners.statements.RunAfters.evaluate(RunAfters.java:30)
	at org.junit.runners.ParentRunner.run(ParentRunner.java:300)
	at org.junit.runners.Suite.runChild(Suite.java:128)
	at org.junit.runners.Suite.runChild(Suite.java:24)
	at org.junit.runners.ParentRunner$3.run(ParentRunner.java:231)
	at org.junit.runners.ParentRunner$1.schedule(ParentRunner.java:60)
	at org.junit.runners.ParentRunner.runChildren(ParentRunner.java:229)
	at org.junit.runners.ParentRunner.access$000(ParentRunner.java:50)
	at org.junit.runners.ParentRunner$2.evaluate(ParentRunner.java:222)
	at org.junit.runners.ParentRunner.run(ParentRunner.java:300)
	at org.junit.runner.JUnitCore.run(JUnitCore.java:157)
	at org.junit.runner.JUnitCore.run(JUnitCore.java:136)
	at org.junit.runner.JUnitCore.run(JUnitCore.java:117)
	at com.optifyTest.MainTest.run(MainTest.java:62)
	at java.lang.Thread.run(Thread.java:722)
</textarea>
</form></td>
</tr>
<tr>
<td height='37' bgcolor='#CCCCCC'>com.optifyTest.Links</td>
<td bgcolor='#CCCCCC'>importLinks</td>
<td bgcolor='#CCCCCC'></td>
<td bgcolor='#CCCCCC' style='text-align: left'>Element is not clickable at point (1141, 56.5). Other element would receive the click: <div class="ui-widget-overlay" style="width: 1345px; height: 779px; z-index: 1001;"></div> (WARNING: The server did not provide any stacktrace information)
Command duration or timeout: 36 milliseconds
Build info: version: '2.24.1', revision: '17205', time: '2012-06-19 17:28:14'
System info: os.name: 'Linux', os.arch: 'i386', os.version: '3.6.11-5.fc17.i686', java.version: '1.7.0_09-icedtea'
Driver info: driver.version: RemoteWebDriver
Session ID: 20addf86b848ae55ebfaa6939846140e</td>
<td bgcolor='#CCCCCC'><form id='form1' name='form1' method='post' action=''>
<textarea name='Trace' cols='135' rows='10' disabled='disabled' readonly='readonly' id='Trace'>
org.openqa.selenium.WebDriverException: Element is not clickable at point (1141, 56.5). Other element would receive the click: <div class="ui-widget-overlay" style="width: 1345px; height: 779px; z-index: 1001;"></div> (WARNING: The server did not provide any stacktrace information)
Command duration or timeout: 36 milliseconds
Build info: version: '2.24.1', revision: '17205', time: '2012-06-19 17:28:14'
System info: os.name: 'Linux', os.arch: 'i386', os.version: '3.6.11-5.fc17.i686', java.version: '1.7.0_09-icedtea'
Driver info: driver.version: RemoteWebDriver
Session ID: 20addf86b848ae55ebfaa6939846140e
	at sun.reflect.GeneratedConstructorAccessor18.newInstance(Unknown Source)
	at sun.reflect.DelegatingConstructorAccessorImpl.newInstance(DelegatingConstructorAccessorImpl.java:45)
	at java.lang.reflect.Constructor.newInstance(Constructor.java:525)
	at org.openqa.selenium.remote.ErrorHandler.createThrowable(ErrorHandler.java:188)
	at org.openqa.selenium.remote.ErrorHandler.throwIfResponseFailed(ErrorHandler.java:145)
	at org.openqa.selenium.remote.RemoteWebDriver.execute(RemoteWebDriver.java:472)
	at org.openqa.selenium.remote.RemoteWebElement.execute(RemoteWebElement.java:244)
	at org.openqa.selenium.remote.RemoteWebElement.click(RemoteWebElement.java:77)
	at com.optifyTest.Links.importLinks_test(Links.java:720)
	at com.optifyTest.Links.importLinks(Links.java:165)
	at sun.reflect.NativeMethodAccessorImpl.invoke0(Native Method)
	at sun.reflect.NativeMethodAccessorImpl.invoke(NativeMethodAccessorImpl.java:57)
	at sun.reflect.DelegatingMethodAccessorImpl.invoke(DelegatingMethodAccessorImpl.java:43)
	at java.lang.reflect.Method.invoke(Method.java:601)
	at org.junit.runners.model.FrameworkMethod$1.runReflectiveCall(FrameworkMethod.java:45)
	at org.junit.internal.runners.model.ReflectiveCallable.run(ReflectiveCallable.java:15)
	at org.junit.runners.model.FrameworkMethod.invokeExplosively(FrameworkMethod.java:42)
	at org.junit.internal.runners.statements.InvokeMethod.evaluate(InvokeMethod.java:20)
	at org.junit.runners.ParentRunner.runLeaf(ParentRunner.java:263)
	at org.junit.runners.BlockJUnit4ClassRunner.runChild(BlockJUnit4ClassRunner.java:68)
	at org.junit.runners.BlockJUnit4ClassRunner.runChild(BlockJUnit4ClassRunner.java:47)
	at org.junit.runners.ParentRunner$3.run(ParentRunner.java:231)
	at org.junit.runners.ParentRunner$1.schedule(ParentRunner.java:60)
	at org.junit.runners.ParentRunner.runChildren(ParentRunner.java:229)
	at org.junit.runners.ParentRunner.access$000(ParentRunner.java:50)
	at org.junit.runners.ParentRunner$2.evaluate(ParentRunner.java:222)
	at org.junit.internal.runners.statements.RunBefores.evaluate(RunBefores.java:28)
	at org.junit.internal.runners.statements.RunAfters.evaluate(RunAfters.java:30)
	at org.junit.runners.ParentRunner.run(ParentRunner.java:300)
	at org.junit.runners.Suite.runChild(Suite.java:128)
	at org.junit.runners.Suite.runChild(Suite.java:24)
	at org.junit.runners.ParentRunner$3.run(ParentRunner.java:231)
	at org.junit.runners.ParentRunner$1.schedule(ParentRunner.java:60)
	at org.junit.runners.ParentRunner.runChildren(ParentRunner.java:229)
	at org.junit.runners.ParentRunner.access$000(ParentRunner.java:50)
	at org.junit.runners.ParentRunner$2.evaluate(ParentRunner.java:222)
	at org.junit.runners.ParentRunner.run(ParentRunner.java:300)
	at org.junit.runner.JUnitCore.run(JUnitCore.java:157)
	at org.junit.runner.JUnitCore.run(JUnitCore.java:136)
	at org.junit.runner.JUnitCore.run(JUnitCore.java:117)
	at com.optifyTest.MainTest.run(MainTest.java:62)
	at java.lang.Thread.run(Thread.java:722)
</textarea>
</form></td>
</tr>
<tr>
<td height='37' bgcolor='#CCCCCC'>com.optifyTest.Links</td>
<td bgcolor='#CCCCCC'>showResults</td>
<td bgcolor='#CCCCCC'>Testing show fifty.</td>
<td bgcolor='#CCCCCC' style='text-align: left'>Element is not clickable at point (322.5, 378). Other element would receive the click: <div class="inner_table_holder">...</div> (WARNING: The server did not provide any stacktrace information)
Command duration or timeout: 29 milliseconds
Build info: version: '2.24.1', revision: '17205', time: '2012-06-19 17:28:14'
System info: os.name: 'Linux', os.arch: 'i386', os.version: '3.6.11-5.fc17.i686', java.version: '1.7.0_09-icedtea'
Driver info: driver.version: RemoteWebDriver
Session ID: 20addf86b848ae55ebfaa6939846140e</td>
<td bgcolor='#CCCCCC'><form id='form1' name='form1' method='post' action=''>
<textarea name='Trace' cols='135' rows='10' disabled='disabled' readonly='readonly' id='Trace'>
org.openqa.selenium.WebDriverException: Element is not clickable at point (322.5, 378). Other element would receive the click: <div class="inner_table_holder">...</div> (WARNING: The server did not provide any stacktrace information)
Command duration or timeout: 29 milliseconds
Build info: version: '2.24.1', revision: '17205', time: '2012-06-19 17:28:14'
System info: os.name: 'Linux', os.arch: 'i386', os.version: '3.6.11-5.fc17.i686', java.version: '1.7.0_09-icedtea'
Driver info: driver.version: RemoteWebDriver
Session ID: 20addf86b848ae55ebfaa6939846140e
	at sun.reflect.GeneratedConstructorAccessor18.newInstance(Unknown Source)
	at sun.reflect.DelegatingConstructorAccessorImpl.newInstance(DelegatingConstructorAccessorImpl.java:45)
	at java.lang.reflect.Constructor.newInstance(Constructor.java:525)
	at org.openqa.selenium.remote.ErrorHandler.createThrowable(ErrorHandler.java:188)
	at org.openqa.selenium.remote.ErrorHandler.throwIfResponseFailed(ErrorHandler.java:145)
	at org.openqa.selenium.remote.RemoteWebDriver.execute(RemoteWebDriver.java:472)
	at org.openqa.selenium.remote.RemoteWebElement.execute(RemoteWebElement.java:244)
	at org.openqa.selenium.remote.RemoteWebElement.click(RemoteWebElement.java:77)
	at com.optifyTest.Links.showResults_fifty(Links.java:844)
	at com.optifyTest.Links.showResults(Links.java:210)
	at sun.reflect.NativeMethodAccessorImpl.invoke0(Native Method)
	at sun.reflect.NativeMethodAccessorImpl.invoke(NativeMethodAccessorImpl.java:57)
	at sun.reflect.DelegatingMethodAccessorImpl.invoke(DelegatingMethodAccessorImpl.java:43)
	at java.lang.reflect.Method.invoke(Method.java:601)
	at org.junit.runners.model.FrameworkMethod$1.runReflectiveCall(FrameworkMethod.java:45)
	at org.junit.internal.runners.model.ReflectiveCallable.run(ReflectiveCallable.java:15)
	at org.junit.runners.model.FrameworkMethod.invokeExplosively(FrameworkMethod.java:42)
	at org.junit.internal.runners.statements.InvokeMethod.evaluate(InvokeMethod.java:20)
	at org.junit.runners.ParentRunner.runLeaf(ParentRunner.java:263)
	at org.junit.runners.BlockJUnit4ClassRunner.runChild(BlockJUnit4ClassRunner.java:68)
	at org.junit.runners.BlockJUnit4ClassRunner.runChild(BlockJUnit4ClassRunner.java:47)
	at org.junit.runners.ParentRunner$3.run(ParentRunner.java:231)
	at org.junit.runners.ParentRunner$1.schedule(ParentRunner.java:60)
	at org.junit.runners.ParentRunner.runChildren(ParentRunner.java:229)
	at org.junit.runners.ParentRunner.access$000(ParentRunner.java:50)
	at org.junit.runners.ParentRunner$2.evaluate(ParentRunner.java:222)
	at org.junit.internal.runners.statements.RunBefores.evaluate(RunBefores.java:28)
	at org.junit.internal.runners.statements.RunAfters.evaluate(RunAfters.java:30)
	at org.junit.runners.ParentRunner.run(ParentRunner.java:300)
	at org.junit.runners.Suite.runChild(Suite.java:128)
	at org.junit.runners.Suite.runChild(Suite.java:24)
	at org.junit.runners.ParentRunner$3.run(ParentRunner.java:231)
	at org.junit.runners.ParentRunner$1.schedule(ParentRunner.java:60)
	at org.junit.runners.ParentRunner.runChildren(ParentRunner.java:229)
	at org.junit.runners.ParentRunner.access$000(ParentRunner.java:50)
	at org.junit.runners.ParentRunner$2.evaluate(ParentRunner.java:222)
	at org.junit.runners.ParentRunner.run(ParentRunner.java:300)
	at org.junit.runner.JUnitCore.run(JUnitCore.java:157)
	at org.junit.runner.JUnitCore.run(JUnitCore.java:136)
	at org.junit.runner.JUnitCore.run(JUnitCore.java:117)
	at com.optifyTest.MainTest.run(MainTest.java:62)
	at java.lang.Thread.run(Thread.java:722)
</textarea>
</form></td>
</tr>
<tr>
<td height='37' bgcolor='#CCCCCC'>com.optifyTest.Links</td>
<td bgcolor='#CCCCCC'>exportPDF</td>
<td bgcolor='#CCCCCC'></td>
<td bgcolor='#CCCCCC' style='text-align: left'>Element is not clickable at point (1257, 56.5). Other element would receive the click: <div class="ui-widget-overlay" style="width: 1345px; height: 779px; z-index: 1001;"></div> (WARNING: The server did not provide any stacktrace information)
Command duration or timeout: 13 milliseconds
Build info: version: '2.24.1', revision: '17205', time: '2012-06-19 17:28:14'
System info: os.name: 'Linux', os.arch: 'i386', os.version: '3.6.11-5.fc17.i686', java.version: '1.7.0_09-icedtea'
Driver info: driver.version: RemoteWebDriver
Session ID: 20addf86b848ae55ebfaa6939846140e</td>
<td bgcolor='#CCCCCC'><form id='form1' name='form1' method='post' action=''>
<textarea name='Trace' cols='135' rows='10' disabled='disabled' readonly='readonly' id='Trace'>
org.openqa.selenium.WebDriverException: Element is not clickable at point (1257, 56.5). Other element would receive the click: <div class="ui-widget-overlay" style="width: 1345px; height: 779px; z-index: 1001;"></div> (WARNING: The server did not provide any stacktrace information)
Command duration or timeout: 13 milliseconds
Build info: version: '2.24.1', revision: '17205', time: '2012-06-19 17:28:14'
System info: os.name: 'Linux', os.arch: 'i386', os.version: '3.6.11-5.fc17.i686', java.version: '1.7.0_09-icedtea'
Driver info: driver.version: RemoteWebDriver
Session ID: 20addf86b848ae55ebfaa6939846140e
	at sun.reflect.GeneratedConstructorAccessor18.newInstance(Unknown Source)
	at sun.reflect.DelegatingConstructorAccessorImpl.newInstance(DelegatingConstructorAccessorImpl.java:45)
	at java.lang.reflect.Constructor.newInstance(Constructor.java:525)
	at org.openqa.selenium.remote.ErrorHandler.createThrowable(ErrorHandler.java:188)
	at org.openqa.selenium.remote.ErrorHandler.throwIfResponseFailed(ErrorHandler.java:145)
	at org.openqa.selenium.remote.RemoteWebDriver.execute(RemoteWebDriver.java:472)
	at org.openqa.selenium.remote.RemoteWebElement.execute(RemoteWebElement.java:244)
	at org.openqa.selenium.remote.RemoteWebElement.click(RemoteWebElement.java:77)
	at com.optifyTest.Links.exportPDF_test(Links.java:770)
	at com.optifyTest.Links.exportPDF_test(Links.java:779)
	at com.optifyTest.Links.exportPDF_test(Links.java:779)
	at com.optifyTest.Links.exportPDF_test(Links.java:779)
	at com.optifyTest.Links.exportPDF_test(Links.java:779)
	at com.optifyTest.Links.exportPDF(Links.java:187)
	at sun.reflect.NativeMethodAccessorImpl.invoke0(Native Method)
	at sun.reflect.NativeMethodAccessorImpl.invoke(NativeMethodAccessorImpl.java:57)
	at sun.reflect.DelegatingMethodAccessorImpl.invoke(DelegatingMethodAccessorImpl.java:43)
	at java.lang.reflect.Method.invoke(Method.java:601)
	at org.junit.runners.model.FrameworkMethod$1.runReflectiveCall(FrameworkMethod.java:45)
	at org.junit.internal.runners.model.ReflectiveCallable.run(ReflectiveCallable.java:15)
	at org.junit.runners.model.FrameworkMethod.invokeExplosively(FrameworkMethod.java:42)
	at org.junit.internal.runners.statements.InvokeMethod.evaluate(InvokeMethod.java:20)
	at org.junit.runners.ParentRunner.runLeaf(ParentRunner.java:263)
	at org.junit.runners.BlockJUnit4ClassRunner.runChild(BlockJUnit4ClassRunner.java:68)
	at org.junit.runners.BlockJUnit4ClassRunner.runChild(BlockJUnit4ClassRunner.java:47)
	at org.junit.runners.ParentRunner$3.run(ParentRunner.java:231)
	at org.junit.runners.ParentRunner$1.schedule(ParentRunner.java:60)
	at org.junit.runners.ParentRunner.runChildren(ParentRunner.java:229)
	at org.junit.runners.ParentRunner.access$000(ParentRunner.java:50)
	at org.junit.runners.ParentRunner$2.evaluate(ParentRunner.java:222)
	at org.junit.internal.runners.statements.RunBefores.evaluate(RunBefores.java:28)
	at org.junit.internal.runners.statements.RunAfters.evaluate(RunAfters.java:30)
	at org.junit.runners.ParentRunner.run(ParentRunner.java:300)
	at org.junit.runners.Suite.runChild(Suite.java:128)
	at org.junit.runners.Suite.runChild(Suite.java:24)
	at org.junit.runners.ParentRunner$3.run(ParentRunner.java:231)
	at org.junit.runners.ParentRunner$1.schedule(ParentRunner.java:60)
	at org.junit.runners.ParentRunner.runChildren(ParentRunner.java:229)
	at org.junit.runners.ParentRunner.access$000(ParentRunner.java:50)
	at org.junit.runners.ParentRunner$2.evaluate(ParentRunner.java:222)
	at org.junit.runners.ParentRunner.run(ParentRunner.java:300)
	at org.junit.runner.JUnitCore.run(JUnitCore.java:157)
	at org.junit.runner.JUnitCore.run(JUnitCore.java:136)
	at org.junit.runner.JUnitCore.run(JUnitCore.java:117)
	at com.optifyTest.MainTest.run(MainTest.java:62)
	at java.lang.Thread.run(Thread.java:722)
</textarea>
</form></td>
</tr>
<tr>
<td height='37' bgcolor='#CCCCCC'>com.optifyTest.Links</td>
<td bgcolor='#CCCCCC'>helpWithThisPage</td>
<td bgcolor='#CCCCCC'></td>
<td bgcolor='#CCCCCC' style='text-align: left'>Element is not clickable at point (1260, 19.5). Other element would receive the click: <div class="ui-widget-overlay" style="width: 1345px; height: 779px; z-index: 1001;"></div> (WARNING: The server did not provide any stacktrace information)
Command duration or timeout: 12 milliseconds
Build info: version: '2.24.1', revision: '17205', time: '2012-06-19 17:28:14'
System info: os.name: 'Linux', os.arch: 'i386', os.version: '3.6.11-5.fc17.i686', java.version: '1.7.0_09-icedtea'
Driver info: driver.version: RemoteWebDriver
Session ID: 20addf86b848ae55ebfaa6939846140e</td>
<td bgcolor='#CCCCCC'><form id='form1' name='form1' method='post' action=''>
<textarea name='Trace' cols='135' rows='10' disabled='disabled' readonly='readonly' id='Trace'>
org.openqa.selenium.WebDriverException: Element is not clickable at point (1260, 19.5). Other element would receive the click: <div class="ui-widget-overlay" style="width: 1345px; height: 779px; z-index: 1001;"></div> (WARNING: The server did not provide any stacktrace information)
Command duration or timeout: 12 milliseconds
Build info: version: '2.24.1', revision: '17205', time: '2012-06-19 17:28:14'
System info: os.name: 'Linux', os.arch: 'i386', os.version: '3.6.11-5.fc17.i686', java.version: '1.7.0_09-icedtea'
Driver info: driver.version: RemoteWebDriver
Session ID: 20addf86b848ae55ebfaa6939846140e
	at sun.reflect.GeneratedConstructorAccessor18.newInstance(Unknown Source)
	at sun.reflect.DelegatingConstructorAccessorImpl.newInstance(DelegatingConstructorAccessorImpl.java:45)
	at java.lang.reflect.Constructor.newInstance(Constructor.java:525)
	at org.openqa.selenium.remote.ErrorHandler.createThrowable(ErrorHandler.java:188)
	at org.openqa.selenium.remote.ErrorHandler.throwIfResponseFailed(ErrorHandler.java:145)
	at org.openqa.selenium.remote.RemoteWebDriver.execute(RemoteWebDriver.java:472)
	at org.openqa.selenium.remote.RemoteWebElement.execute(RemoteWebElement.java:244)
	at org.openqa.selenium.remote.RemoteWebElement.click(RemoteWebElement.java:77)
	at com.optifyTest.Links.helpWithThisPage_test(Links.java:700)
	at com.optifyTest.Links.helpWithThisPage_test(Links.java:711)
	at com.optifyTest.Links.helpWithThisPage_test(Links.java:711)
	at com.optifyTest.Links.helpWithThisPage_test(Links.java:711)
	at com.optifyTest.Links.helpWithThisPage_test(Links.java:711)
	at com.optifyTest.Links.helpWithThisPage(Links.java:154)
	at sun.reflect.NativeMethodAccessorImpl.invoke0(Native Method)
	at sun.reflect.NativeMethodAccessorImpl.invoke(NativeMethodAccessorImpl.java:57)
	at sun.reflect.DelegatingMethodAccessorImpl.invoke(DelegatingMethodAccessorImpl.java:43)
	at java.lang.reflect.Method.invoke(Method.java:601)
	at org.junit.runners.model.FrameworkMethod$1.runReflectiveCall(FrameworkMethod.java:45)
	at org.junit.internal.runners.model.ReflectiveCallable.run(ReflectiveCallable.java:15)
	at org.junit.runners.model.FrameworkMethod.invokeExplosively(FrameworkMethod.java:42)
	at org.junit.internal.runners.statements.InvokeMethod.evaluate(InvokeMethod.java:20)
	at org.junit.runners.ParentRunner.runLeaf(ParentRunner.java:263)
	at org.junit.runners.BlockJUnit4ClassRunner.runChild(BlockJUnit4ClassRunner.java:68)
	at org.junit.runners.BlockJUnit4ClassRunner.runChild(BlockJUnit4ClassRunner.java:47)
	at org.junit.runners.ParentRunner$3.run(ParentRunner.java:231)
	at org.junit.runners.ParentRunner$1.schedule(ParentRunner.java:60)
	at org.junit.runners.ParentRunner.runChildren(ParentRunner.java:229)
	at org.junit.runners.ParentRunner.access$000(ParentRunner.java:50)
	at org.junit.runners.ParentRunner$2.evaluate(ParentRunner.java:222)
	at org.junit.internal.runners.statements.RunBefores.evaluate(RunBefores.java:28)
	at org.junit.internal.runners.statements.RunAfters.evaluate(RunAfters.java:30)
	at org.junit.runners.ParentRunner.run(ParentRunner.java:300)
	at org.junit.runners.Suite.runChild(Suite.java:128)
	at org.junit.runners.Suite.runChild(Suite.java:24)
	at org.junit.runners.ParentRunner$3.run(ParentRunner.java:231)
	at org.junit.runners.ParentRunner$1.schedule(ParentRunner.java:60)
	at org.junit.runners.ParentRunner.runChildren(ParentRunner.java:229)
	at org.junit.runners.ParentRunner.access$000(ParentRunner.java:50)
	at org.junit.runners.ParentRunner$2.evaluate(ParentRunner.java:222)
	at org.junit.runners.ParentRunner.run(ParentRunner.java:300)
	at org.junit.runner.JUnitCore.run(JUnitCore.java:157)
	at org.junit.runner.JUnitCore.run(JUnitCore.java:136)
	at org.junit.runner.JUnitCore.run(JUnitCore.java:117)
	at com.optifyTest.MainTest.run(MainTest.java:62)
	at java.lang.Thread.run(Thread.java:722)
</textarea>
</form></td>
</tr>
<tr>
<td height='37' bgcolor='#CCCCCC'>com.optifyTest.Links</td>
<td bgcolor='#CCCCCC'>getSuggestions</td>
<td bgcolor='#CCCCCC'>Testing Get url suggest.</td>
<td bgcolor='#CCCCCC' style='text-align: left'>Element is not clickable at point (380, 181). Other element would receive the click: <input id="suggest-links-input" name="suggest-links-input" type="text" class="" placeholder="e.g., patent lawyer, patent attorney"> (WARNING: The server did not provide any stacktrace information)
Command duration or timeout: 13 milliseconds
Build info: version: '2.24.1', revision: '17205', time: '2012-06-19 17:28:14'
System info: os.name: 'Linux', os.arch: 'i386', os.version: '3.6.11-5.fc17.i686', java.version: '1.7.0_09-icedtea'
Driver info: driver.version: RemoteWebDriver
Session ID: 20addf86b848ae55ebfaa6939846140e</td>
<td bgcolor='#CCCCCC'><form id='form1' name='form1' method='post' action=''>
<textarea name='Trace' cols='135' rows='10' disabled='disabled' readonly='readonly' id='Trace'>
org.openqa.selenium.WebDriverException: Element is not clickable at point (380, 181). Other element would receive the click: <input id="suggest-links-input" name="suggest-links-input" type="text" class="" placeholder="e.g., patent lawyer, patent attorney"> (WARNING: The server did not provide any stacktrace information)
Command duration or timeout: 13 milliseconds
Build info: version: '2.24.1', revision: '17205', time: '2012-06-19 17:28:14'
System info: os.name: 'Linux', os.arch: 'i386', os.version: '3.6.11-5.fc17.i686', java.version: '1.7.0_09-icedtea'
Driver info: driver.version: RemoteWebDriver
Session ID: 20addf86b848ae55ebfaa6939846140e
	at sun.reflect.NativeConstructorAccessorImpl.newInstance0(Native Method)
	at sun.reflect.NativeConstructorAccessorImpl.newInstance(NativeConstructorAccessorImpl.java:57)
	at sun.reflect.DelegatingConstructorAccessorImpl.newInstance(DelegatingConstructorAccessorImpl.java:45)
	at java.lang.reflect.Constructor.newInstance(Constructor.java:525)
	at org.openqa.selenium.remote.ErrorHandler.createThrowable(ErrorHandler.java:188)
	at org.openqa.selenium.remote.ErrorHandler.throwIfResponseFailed(ErrorHandler.java:145)
	at org.openqa.selenium.remote.RemoteWebDriver.execute(RemoteWebDriver.java:472)
	at org.openqa.selenium.remote.RemoteWebElement.execute(RemoteWebElement.java:244)
	at org.openqa.selenium.remote.RemoteWebElement.click(RemoteWebElement.java:77)
	at com.optifyTest.Links.getSuggestions_getUrlSuggest(Links.java:915)
	at com.optifyTest.Links.getSuggestions_getUrlSuggest(Links.java:930)
	at com.optifyTest.Links.getSuggestions_getUrlSuggest(Links.java:930)
	at com.optifyTest.Links.getSuggestions_getUrlSuggest(Links.java:930)
	at com.optifyTest.Links.getSuggestions_getUrlSuggest(Links.java:930)
	at com.optifyTest.Links.getSuggestions(Links.java:228)
	at sun.reflect.NativeMethodAccessorImpl.invoke0(Native Method)
	at sun.reflect.NativeMethodAccessorImpl.invoke(NativeMethodAccessorImpl.java:57)
	at sun.reflect.DelegatingMethodAccessorImpl.invoke(DelegatingMethodAccessorImpl.java:43)
	at java.lang.reflect.Method.invoke(Method.java:601)
	at org.junit.runners.model.FrameworkMethod$1.runReflectiveCall(FrameworkMethod.java:45)
	at org.junit.internal.runners.model.ReflectiveCallable.run(ReflectiveCallable.java:15)
	at org.junit.runners.model.FrameworkMethod.invokeExplosively(FrameworkMethod.java:42)
	at org.junit.internal.runners.statements.InvokeMethod.evaluate(InvokeMethod.java:20)
	at org.junit.runners.ParentRunner.runLeaf(ParentRunner.java:263)
	at org.junit.runners.BlockJUnit4ClassRunner.runChild(BlockJUnit4ClassRunner.java:68)
	at org.junit.runners.BlockJUnit4ClassRunner.runChild(BlockJUnit4ClassRunner.java:47)
	at org.junit.runners.ParentRunner$3.run(ParentRunner.java:231)
	at org.junit.runners.ParentRunner$1.schedule(ParentRunner.java:60)
	at org.junit.runners.ParentRunner.runChildren(ParentRunner.java:229)
	at org.junit.runners.ParentRunner.access$000(ParentRunner.java:50)
	at org.junit.runners.ParentRunner$2.evaluate(ParentRunner.java:222)
	at org.junit.internal.runners.statements.RunBefores.evaluate(RunBefores.java:28)
	at org.junit.internal.runners.statements.RunAfters.evaluate(RunAfters.java:30)
	at org.junit.runners.ParentRunner.run(ParentRunner.java:300)
	at org.junit.runners.Suite.runChild(Suite.java:128)
	at org.junit.runners.Suite.runChild(Suite.java:24)
	at org.junit.runners.ParentRunner$3.run(ParentRunner.java:231)
	at org.junit.runners.ParentRunner$1.schedule(ParentRunner.java:60)
	at org.junit.runners.ParentRunner.runChildren(ParentRunner.java:229)
	at org.junit.runners.ParentRunner.access$000(ParentRunner.java:50)
	at org.junit.runners.ParentRunner$2.evaluate(ParentRunner.java:222)
	at org.junit.runners.ParentRunner.run(ParentRunner.java:300)
	at org.junit.runner.JUnitCore.run(JUnitCore.java:157)
	at org.junit.runner.JUnitCore.run(JUnitCore.java:136)
	at org.junit.runner.JUnitCore.run(JUnitCore.java:117)
	at com.optifyTest.MainTest.run(MainTest.java:62)
	at java.lang.Thread.run(Thread.java:722)
</textarea>
</form></td>
</tr>
<tr>
<td height='37' bgcolor='#CCCCCC'>com.optifyTest.Links</td>
<td bgcolor='#CCCCCC'>nextAndPrev</td>
<td bgcolor='#CCCCCC'></td>
<td bgcolor='#CCCCCC' style='text-align: left'>Timed out after 10 seconds waiting for com.optifyTest.Links$1@1da2c68
Build info: version: '2.24.1', revision: '17205', time: '2012-06-19 17:28:14'
System info: os.name: 'Linux', os.arch: 'i386', os.version: '3.6.11-5.fc17.i686', java.version: '1.7.0_09-icedtea'
Driver info: driver.version: unknown</td>
<td bgcolor='#CCCCCC'><form id='form1' name='form1' method='post' action=''>
<textarea name='Trace' cols='135' rows='10' disabled='disabled' readonly='readonly' id='Trace'>
org.openqa.selenium.TimeoutException: Timed out after 10 seconds waiting for com.optifyTest.Links$1@1da2c68
Build info: version: '2.24.1', revision: '17205', time: '2012-06-19 17:28:14'
System info: os.name: 'Linux', os.arch: 'i386', os.version: '3.6.11-5.fc17.i686', java.version: '1.7.0_09-icedtea'
Driver info: driver.version: unknown
	at org.openqa.selenium.support.ui.FluentWait.timeoutException(FluentWait.java:251)
	at org.openqa.selenium.support.ui.FluentWait.until(FluentWait.java:220)
	at com.optifyTest.Links.nextAndPrev_test(Links.java:797)
	at com.optifyTest.Links.nextAndPrev_test(Links.java:818)
	at com.optifyTest.Links.nextAndPrev_test(Links.java:818)
	at com.optifyTest.Links.nextAndPrev_test(Links.java:818)
	at com.optifyTest.Links.nextAndPrev_test(Links.java:818)
	at com.optifyTest.Links.nextAndPrev(Links.java:198)
	at sun.reflect.NativeMethodAccessorImpl.invoke0(Native Method)
	at sun.reflect.NativeMethodAccessorImpl.invoke(NativeMethodAccessorImpl.java:57)
	at sun.reflect.DelegatingMethodAccessorImpl.invoke(DelegatingMethodAccessorImpl.java:43)
	at java.lang.reflect.Method.invoke(Method.java:601)
	at org.junit.runners.model.FrameworkMethod$1.runReflectiveCall(FrameworkMethod.java:45)
	at org.junit.internal.runners.model.ReflectiveCallable.run(ReflectiveCallable.java:15)
	at org.junit.runners.model.FrameworkMethod.invokeExplosively(FrameworkMethod.java:42)
	at org.junit.internal.runners.statements.InvokeMethod.evaluate(InvokeMethod.java:20)
	at org.junit.runners.ParentRunner.runLeaf(ParentRunner.java:263)
	at org.junit.runners.BlockJUnit4ClassRunner.runChild(BlockJUnit4ClassRunner.java:68)
	at org.junit.runners.BlockJUnit4ClassRunner.runChild(BlockJUnit4ClassRunner.java:47)
	at org.junit.runners.ParentRunner$3.run(ParentRunner.java:231)
	at org.junit.runners.ParentRunner$1.schedule(ParentRunner.java:60)
	at org.junit.runners.ParentRunner.runChildren(ParentRunner.java:229)
	at org.junit.runners.ParentRunner.access$000(ParentRunner.java:50)
	at org.junit.runners.ParentRunner$2.evaluate(ParentRunner.java:222)
	at org.junit.internal.runners.statements.RunBefores.evaluate(RunBefores.java:28)
	at org.junit.internal.runners.statements.RunAfters.evaluate(RunAfters.java:30)
	at org.junit.runners.ParentRunner.run(ParentRunner.java:300)
	at org.junit.runners.Suite.runChild(Suite.java:128)
	at org.junit.runners.Suite.runChild(Suite.java:24)
	at org.junit.runners.ParentRunner$3.run(ParentRunner.java:231)
	at org.junit.runners.ParentRunner$1.schedule(ParentRunner.java:60)
	at org.junit.runners.ParentRunner.runChildren(ParentRunner.java:229)
	at org.junit.runners.ParentRunner.access$000(ParentRunner.java:50)
	at org.junit.runners.ParentRunner$2.evaluate(ParentRunner.java:222)
	at org.junit.runners.ParentRunner.run(ParentRunner.java:300)
	at org.junit.runner.JUnitCore.run(JUnitCore.java:157)
	at org.junit.runner.JUnitCore.run(JUnitCore.java:136)
	at org.junit.runner.JUnitCore.run(JUnitCore.java:117)
	at com.optifyTest.MainTest.run(MainTest.java:62)
	at java.lang.Thread.run(Thread.java:722)
Caused by: org.openqa.selenium.NoSuchElementException: The element could not be found (WARNING: The server did not provide any stacktrace information)
Command duration or timeout: 5 milliseconds
For documentation on this error, please visit: http://seleniumhq.org/exceptions/no_such_element.html
Build info: version: '2.24.1', revision: '17205', time: '2012-06-19 17:28:14'
System info: os.name: 'Linux', os.arch: 'i386', os.version: '3.6.11-5.fc17.i686', java.version: '1.7.0_09-icedtea'
Driver info: driver.version: RemoteWebDriver
Session ID: 20addf86b848ae55ebfaa6939846140e
	at sun.reflect.GeneratedConstructorAccessor14.newInstance(Unknown Source)
	at sun.reflect.DelegatingConstructorAccessorImpl.newInstance(DelegatingConstructorAccessorImpl.java:45)
	at java.lang.reflect.Constructor.newInstance(Constructor.java:525)
	at org.openqa.selenium.remote.ErrorHandler.createThrowable(ErrorHandler.java:188)
	at org.openqa.selenium.remote.ErrorHandler.throwIfResponseFailed(ErrorHandler.java:145)
	at org.openqa.selenium.remote.RemoteWebDriver.execute(RemoteWebDriver.java:472)
	at org.openqa.selenium.remote.RemoteWebDriver.findElement(RemoteWebDriver.java:242)
	at org.openqa.selenium.remote.RemoteWebDriver.findElementByXPath(RemoteWebDriver.java:327)
	at org.openqa.selenium.By$ByXPath.findElement(By.java:343)
	at org.openqa.selenium.remote.RemoteWebDriver.findElement(RemoteWebDriver.java:234)
	at com.optifyTest.Links$1.apply(Links.java:253)
	at com.optifyTest.Links$1.apply(Links.java:1)
	at org.openqa.selenium.support.ui.FluentWait.until(FluentWait.java:200)
	... 38 more
</textarea>
</form></td>
</tr>
<tr>
<td height='37' bgcolor='#CCCCCC'>com.optifyTest.Links</td>
<td bgcolor='#CCCCCC'>tableSort</td>
<td bgcolor='#CCCCCC'>Testing source sort.</td>
<td bgcolor='#CCCCCC' style='text-align: left'>Timed out after 10 seconds waiting for com.optifyTest.Links$1@1e3a46a
Build info: version: '2.24.1', revision: '17205', time: '2012-06-19 17:28:14'
System info: os.name: 'Linux', os.arch: 'i386', os.version: '3.6.11-5.fc17.i686', java.version: '1.7.0_09-icedtea'
Driver info: driver.version: unknown</td>
<td bgcolor='#CCCCCC'><form id='form1' name='form1' method='post' action=''>
<textarea name='Trace' cols='135' rows='10' disabled='disabled' readonly='readonly' id='Trace'>
org.openqa.selenium.TimeoutException: Timed out after 10 seconds waiting for com.optifyTest.Links$1@1e3a46a
Build info: version: '2.24.1', revision: '17205', time: '2012-06-19 17:28:14'
System info: os.name: 'Linux', os.arch: 'i386', os.version: '3.6.11-5.fc17.i686', java.version: '1.7.0_09-icedtea'
Driver info: driver.version: unknown
	at org.openqa.selenium.support.ui.FluentWait.timeoutException(FluentWait.java:251)
	at org.openqa.selenium.support.ui.FluentWait.until(FluentWait.java:220)
	at com.optifyTest.Links.tableSort_source(Links.java:458)
	at com.optifyTest.Links.tableSort_source(Links.java:487)
	at com.optifyTest.Links.tableSort_source(Links.java:487)
	at com.optifyTest.Links.tableSort_source(Links.java:487)
	at com.optifyTest.Links.tableSort_source(Links.java:487)
	at com.optifyTest.Links.tableSort(Links.java:128)
	at sun.reflect.NativeMethodAccessorImpl.invoke0(Native Method)
	at sun.reflect.NativeMethodAccessorImpl.invoke(NativeMethodAccessorImpl.java:57)
	at sun.reflect.DelegatingMethodAccessorImpl.invoke(DelegatingMethodAccessorImpl.java:43)
	at java.lang.reflect.Method.invoke(Method.java:601)
	at org.junit.runners.model.FrameworkMethod$1.runReflectiveCall(FrameworkMethod.java:45)
	at org.junit.internal.runners.model.ReflectiveCallable.run(ReflectiveCallable.java:15)
	at org.junit.runners.model.FrameworkMethod.invokeExplosively(FrameworkMethod.java:42)
	at org.junit.internal.runners.statements.InvokeMethod.evaluate(InvokeMethod.java:20)
	at org.junit.runners.ParentRunner.runLeaf(ParentRunner.java:263)
	at org.junit.runners.BlockJUnit4ClassRunner.runChild(BlockJUnit4ClassRunner.java:68)
	at org.junit.runners.BlockJUnit4ClassRunner.runChild(BlockJUnit4ClassRunner.java:47)
	at org.junit.runners.ParentRunner$3.run(ParentRunner.java:231)
	at org.junit.runners.ParentRunner$1.schedule(ParentRunner.java:60)
	at org.junit.runners.ParentRunner.runChildren(ParentRunner.java:229)
	at org.junit.runners.ParentRunner.access$000(ParentRunner.java:50)
	at org.junit.runners.ParentRunner$2.evaluate(ParentRunner.java:222)
	at org.junit.internal.runners.statements.RunBefores.evaluate(RunBefores.java:28)
	at org.junit.internal.runners.statements.RunAfters.evaluate(RunAfters.java:30)
	at org.junit.runners.ParentRunner.run(ParentRunner.java:300)
	at org.junit.runners.Suite.runChild(Suite.java:128)
	at org.junit.runners.Suite.runChild(Suite.java:24)
	at org.junit.runners.ParentRunner$3.run(ParentRunner.java:231)
	at org.junit.runners.ParentRunner$1.schedule(ParentRunner.java:60)
	at org.junit.runners.ParentRunner.runChildren(ParentRunner.java:229)
	at org.junit.runners.ParentRunner.access$000(ParentRunner.java:50)
	at org.junit.runners.ParentRunner$2.evaluate(ParentRunner.java:222)
	at org.junit.runners.ParentRunner.run(ParentRunner.java:300)
	at org.junit.runner.JUnitCore.run(JUnitCore.java:157)
	at org.junit.runner.JUnitCore.run(JUnitCore.java:136)
	at org.junit.runner.JUnitCore.run(JUnitCore.java:117)
	at com.optifyTest.MainTest.run(MainTest.java:62)
	at java.lang.Thread.run(Thread.java:722)
Caused by: org.openqa.selenium.NoSuchElementException: The element could not be found (WARNING: The server did not provide any stacktrace information)
Command duration or timeout: 5 milliseconds
For documentation on this error, please visit: http://seleniumhq.org/exceptions/no_such_element.html
Build info: version: '2.24.1', revision: '17205', time: '2012-06-19 17:28:14'
System info: os.name: 'Linux', os.arch: 'i386', os.version: '3.6.11-5.fc17.i686', java.version: '1.7.0_09-icedtea'
Driver info: driver.version: RemoteWebDriver
Session ID: 20addf86b848ae55ebfaa6939846140e
	at sun.reflect.GeneratedConstructorAccessor14.newInstance(Unknown Source)
	at sun.reflect.DelegatingConstructorAccessorImpl.newInstance(DelegatingConstructorAccessorImpl.java:45)
	at java.lang.reflect.Constructor.newInstance(Constructor.java:525)
	at org.openqa.selenium.remote.ErrorHandler.createThrowable(ErrorHandler.java:188)
	at org.openqa.selenium.remote.ErrorHandler.throwIfResponseFailed(ErrorHandler.java:145)
	at org.openqa.selenium.remote.RemoteWebDriver.execute(RemoteWebDriver.java:472)
	at org.openqa.selenium.remote.RemoteWebDriver.findElement(RemoteWebDriver.java:242)
	at org.openqa.selenium.remote.RemoteWebDriver.findElementByXPath(RemoteWebDriver.java:327)
	at org.openqa.selenium.By$ByXPath.findElement(By.java:343)
	at org.openqa.selenium.remote.RemoteWebDriver.findElement(RemoteWebDriver.java:234)
	at com.optifyTest.Links$1.apply(Links.java:253)
	at com.optifyTest.Links$1.apply(Links.java:1)
	at org.openqa.selenium.support.ui.FluentWait.until(FluentWait.java:200)
	... 38 more
</textarea>
</form></td>
</tr>
<tr>
<td height='37' bgcolor='#CCCCCC'>com.optifyTest.Links</td>
<td bgcolor='#CCCCCC'>checkFilters</td>
<td bgcolor='#CCCCCC'>Check received filter values.</td>
<td bgcolor='#CCCCCC' style='text-align: left'>Timed out after 10 seconds waiting for com.optifyTest.Links$1@12b9d6c
Build info: version: '2.24.1', revision: '17205', time: '2012-06-19 17:28:14'
System info: os.name: 'Linux', os.arch: 'i386', os.version: '3.6.11-5.fc17.i686', java.version: '1.7.0_09-icedtea'
Driver info: driver.version: unknown</td>
<td bgcolor='#CCCCCC'><form id='form1' name='form1' method='post' action=''>
<textarea name='Trace' cols='135' rows='10' disabled='disabled' readonly='readonly' id='Trace'>
org.openqa.selenium.TimeoutException: Timed out after 10 seconds waiting for com.optifyTest.Links$1@12b9d6c
Build info: version: '2.24.1', revision: '17205', time: '2012-06-19 17:28:14'
System info: os.name: 'Linux', os.arch: 'i386', os.version: '3.6.11-5.fc17.i686', java.version: '1.7.0_09-icedtea'
Driver info: driver.version: unknown
	at org.openqa.selenium.support.ui.FluentWait.timeoutException(FluentWait.java:251)
	at org.openqa.selenium.support.ui.FluentWait.until(FluentWait.java:220)
	at com.optifyTest.Links.checkFilters_checkReceivedValues(Links.java:372)
	at com.optifyTest.Links.checkFilters_checkReceivedValues(Links.java:389)
	at com.optifyTest.Links.checkFilters_checkReceivedValues(Links.java:389)
	at com.optifyTest.Links.checkFilters_checkReceivedValues(Links.java:389)
	at com.optifyTest.Links.checkFilters_checkReceivedValues(Links.java:389)
	at com.optifyTest.Links.checkFilters(Links.java:103)
	at sun.reflect.NativeMethodAccessorImpl.invoke0(Native Method)
	at sun.reflect.NativeMethodAccessorImpl.invoke(NativeMethodAccessorImpl.java:57)
	at sun.reflect.DelegatingMethodAccessorImpl.invoke(DelegatingMethodAccessorImpl.java:43)
	at java.lang.reflect.Method.invoke(Method.java:601)
	at org.junit.runners.model.FrameworkMethod$1.runReflectiveCall(FrameworkMethod.java:45)
	at org.junit.internal.runners.model.ReflectiveCallable.run(ReflectiveCallable.java:15)
	at org.junit.runners.model.FrameworkMethod.invokeExplosively(FrameworkMethod.java:42)
	at org.junit.internal.runners.statements.InvokeMethod.evaluate(InvokeMethod.java:20)
	at org.junit.runners.ParentRunner.runLeaf(ParentRunner.java:263)
	at org.junit.runners.BlockJUnit4ClassRunner.runChild(BlockJUnit4ClassRunner.java:68)
	at org.junit.runners.BlockJUnit4ClassRunner.runChild(BlockJUnit4ClassRunner.java:47)
	at org.junit.runners.ParentRunner$3.run(ParentRunner.java:231)
	at org.junit.runners.ParentRunner$1.schedule(ParentRunner.java:60)
	at org.junit.runners.ParentRunner.runChildren(ParentRunner.java:229)
	at org.junit.runners.ParentRunner.access$000(ParentRunner.java:50)
	at org.junit.runners.ParentRunner$2.evaluate(ParentRunner.java:222)
	at org.junit.internal.runners.statements.RunBefores.evaluate(RunBefores.java:28)
	at org.junit.internal.runners.statements.RunAfters.evaluate(RunAfters.java:30)
	at org.junit.runners.ParentRunner.run(ParentRunner.java:300)
	at org.junit.runners.Suite.runChild(Suite.java:128)
	at org.junit.runners.Suite.runChild(Suite.java:24)
	at org.junit.runners.ParentRunner$3.run(ParentRunner.java:231)
	at org.junit.runners.ParentRunner$1.schedule(ParentRunner.java:60)
	at org.junit.runners.ParentRunner.runChildren(ParentRunner.java:229)
	at org.junit.runners.ParentRunner.access$000(ParentRunner.java:50)
	at org.junit.runners.ParentRunner$2.evaluate(ParentRunner.java:222)
	at org.junit.runners.ParentRunner.run(ParentRunner.java:300)
	at org.junit.runner.JUnitCore.run(JUnitCore.java:157)
	at org.junit.runner.JUnitCore.run(JUnitCore.java:136)
	at org.junit.runner.JUnitCore.run(JUnitCore.java:117)
	at com.optifyTest.MainTest.run(MainTest.java:62)
	at java.lang.Thread.run(Thread.java:722)
Caused by: org.openqa.selenium.NoSuchElementException: The element could not be found (WARNING: The server did not provide any stacktrace information)
Command duration or timeout: 5 milliseconds
For documentation on this error, please visit: http://seleniumhq.org/exceptions/no_such_element.html
Build info: version: '2.24.1', revision: '17205', time: '2012-06-19 17:28:14'
System info: os.name: 'Linux', os.arch: 'i386', os.version: '3.6.11-5.fc17.i686', java.version: '1.7.0_09-icedtea'
Driver info: driver.version: RemoteWebDriver
Session ID: 20addf86b848ae55ebfaa6939846140e
	at sun.reflect.GeneratedConstructorAccessor14.newInstance(Unknown Source)
	at sun.reflect.DelegatingConstructorAccessorImpl.newInstance(DelegatingConstructorAccessorImpl.java:45)
	at java.lang.reflect.Constructor.newInstance(Constructor.java:525)
	at org.openqa.selenium.remote.ErrorHandler.createThrowable(ErrorHandler.java:188)
	at org.openqa.selenium.remote.ErrorHandler.throwIfResponseFailed(ErrorHandler.java:145)
	at org.openqa.selenium.remote.RemoteWebDriver.execute(RemoteWebDriver.java:472)
	at org.openqa.selenium.remote.RemoteWebDriver.findElement(RemoteWebDriver.java:242)
	at org.openqa.selenium.remote.RemoteWebDriver.findElementByXPath(RemoteWebDriver.java:327)
	at org.openqa.selenium.By$ByXPath.findElement(By.java:343)
	at org.openqa.selenium.remote.RemoteWebDriver.findElement(RemoteWebDriver.java:234)
	at com.optifyTest.Links$1.apply(Links.java:253)
	at com.optifyTest.Links$1.apply(Links.java:1)
	at org.openqa.selenium.support.ui.FluentWait.until(FluentWait.java:200)
	... 38 more
</textarea>
</form></td>
</tr>
<tr>
<td height='37' bgcolor='#CCCCCC'>com.optifyTest.Links</td>
<td bgcolor='#CCCCCC'>assignToList</td>
<td bgcolor='#CCCCCC'></td>
<td bgcolor='#CCCCCC' style='text-align: left'>Timed out after 10 seconds waiting for com.optifyTest.Links$1@1b2a777
Build info: version: '2.24.1', revision: '17205', time: '2012-06-19 17:28:14'
System info: os.name: 'Linux', os.arch: 'i386', os.version: '3.6.11-5.fc17.i686', java.version: '1.7.0_09-icedtea'
Driver info: driver.version: unknown</td>
<td bgcolor='#CCCCCC'><form id='form1' name='form1' method='post' action=''>
<textarea name='Trace' cols='135' rows='10' disabled='disabled' readonly='readonly' id='Trace'>
org.openqa.selenium.TimeoutException: Timed out after 10 seconds waiting for com.optifyTest.Links$1@1b2a777
Build info: version: '2.24.1', revision: '17205', time: '2012-06-19 17:28:14'
System info: os.name: 'Linux', os.arch: 'i386', os.version: '3.6.11-5.fc17.i686', java.version: '1.7.0_09-icedtea'
Driver info: driver.version: unknown
	at org.openqa.selenium.support.ui.FluentWait.timeoutException(FluentWait.java:251)
	at org.openqa.selenium.support.ui.FluentWait.until(FluentWait.java:220)
	at com.optifyTest.Links.assignToList_test(Links.java:433)
	at com.optifyTest.Links.assignToList_test(Links.java:448)
	at com.optifyTest.Links.assignToList_test(Links.java:448)
	at com.optifyTest.Links.assignToList_test(Links.java:448)
	at com.optifyTest.Links.assignToList_test(Links.java:448)
	at com.optifyTest.Links.assignToList(Links.java:116)
	at sun.reflect.NativeMethodAccessorImpl.invoke0(Native Method)
	at sun.reflect.NativeMethodAccessorImpl.invoke(NativeMethodAccessorImpl.java:57)
	at sun.reflect.DelegatingMethodAccessorImpl.invoke(DelegatingMethodAccessorImpl.java:43)
	at java.lang.reflect.Method.invoke(Method.java:601)
	at org.junit.runners.model.FrameworkMethod$1.runReflectiveCall(FrameworkMethod.java:45)
	at org.junit.internal.runners.model.ReflectiveCallable.run(ReflectiveCallable.java:15)
	at org.junit.runners.model.FrameworkMethod.invokeExplosively(FrameworkMethod.java:42)
	at org.junit.internal.runners.statements.InvokeMethod.evaluate(InvokeMethod.java:20)
	at org.junit.runners.ParentRunner.runLeaf(ParentRunner.java:263)
	at org.junit.runners.BlockJUnit4ClassRunner.runChild(BlockJUnit4ClassRunner.java:68)
	at org.junit.runners.BlockJUnit4ClassRunner.runChild(BlockJUnit4ClassRunner.java:47)
	at org.junit.runners.ParentRunner$3.run(ParentRunner.java:231)
	at org.junit.runners.ParentRunner$1.schedule(ParentRunner.java:60)
	at org.junit.runners.ParentRunner.runChildren(ParentRunner.java:229)
	at org.junit.runners.ParentRunner.access$000(ParentRunner.java:50)
	at org.junit.runners.ParentRunner$2.evaluate(ParentRunner.java:222)
	at org.junit.internal.runners.statements.RunBefores.evaluate(RunBefores.java:28)
	at org.junit.internal.runners.statements.RunAfters.evaluate(RunAfters.java:30)
	at org.junit.runners.ParentRunner.run(ParentRunner.java:300)
	at org.junit.runners.Suite.runChild(Suite.java:128)
	at org.junit.runners.Suite.runChild(Suite.java:24)
	at org.junit.runners.ParentRunner$3.run(ParentRunner.java:231)
	at org.junit.runners.ParentRunner$1.schedule(ParentRunner.java:60)
	at org.junit.runners.ParentRunner.runChildren(ParentRunner.java:229)
	at org.junit.runners.ParentRunner.access$000(ParentRunner.java:50)
	at org.junit.runners.ParentRunner$2.evaluate(ParentRunner.java:222)
	at org.junit.runners.ParentRunner.run(ParentRunner.java:300)
	at org.junit.runner.JUnitCore.run(JUnitCore.java:157)
	at org.junit.runner.JUnitCore.run(JUnitCore.java:136)
	at org.junit.runner.JUnitCore.run(JUnitCore.java:117)
	at com.optifyTest.MainTest.run(MainTest.java:62)
	at java.lang.Thread.run(Thread.java:722)
Caused by: org.openqa.selenium.NoSuchElementException: The element could not be found (WARNING: The server did not provide any stacktrace information)
Command duration or timeout: 7 milliseconds
For documentation on this error, please visit: http://seleniumhq.org/exceptions/no_such_element.html
Build info: version: '2.24.1', revision: '17205', time: '2012-06-19 17:28:14'
System info: os.name: 'Linux', os.arch: 'i386', os.version: '3.6.11-5.fc17.i686', java.version: '1.7.0_09-icedtea'
Driver info: driver.version: RemoteWebDriver
Session ID: 20addf86b848ae55ebfaa6939846140e
	at sun.reflect.GeneratedConstructorAccessor14.newInstance(Unknown Source)
	at sun.reflect.DelegatingConstructorAccessorImpl.newInstance(DelegatingConstructorAccessorImpl.java:45)
	at java.lang.reflect.Constructor.newInstance(Constructor.java:525)
	at org.openqa.selenium.remote.ErrorHandler.createThrowable(ErrorHandler.java:188)
	at org.openqa.selenium.remote.ErrorHandler.throwIfResponseFailed(ErrorHandler.java:145)
	at org.openqa.selenium.remote.RemoteWebDriver.execute(RemoteWebDriver.java:472)
	at org.openqa.selenium.remote.RemoteWebDriver.findElement(RemoteWebDriver.java:242)
	at org.openqa.selenium.remote.RemoteWebDriver.findElementByXPath(RemoteWebDriver.java:327)
	at org.openqa.selenium.By$ByXPath.findElement(By.java:343)
	at org.openqa.selenium.remote.RemoteWebDriver.findElement(RemoteWebDriver.java:234)
	at com.optifyTest.Links$1.apply(Links.java:253)
	at com.optifyTest.Links$1.apply(Links.java:1)
	at org.openqa.selenium.support.ui.FluentWait.until(FluentWait.java:200)
	... 38 more
</textarea>
</form></td>
</tr>
<tr>
<td height='37' bgcolor='#CCCCCC'>com.optifyTest.PageDetail</td>
<td bgcolor='#CCCCCC'>share</td>
<td bgcolor='#CCCCCC'>Testing Email sharing.</td>
<td bgcolor='#CCCCCC' style='text-align: left'>Timed out after 10 seconds waiting for com.optifyTest.PageDetail$1@11a1101
Build info: version: '2.24.1', revision: '17205', time: '2012-06-19 17:28:14'
System info: os.name: 'Linux', os.arch: 'i386', os.version: '3.6.11-5.fc17.i686', java.version: '1.7.0_09-icedtea'
Driver info: driver.version: unknown</td>
<td bgcolor='#CCCCCC'><form id='form1' name='form1' method='post' action=''>
<textarea name='Trace' cols='135' rows='10' disabled='disabled' readonly='readonly' id='Trace'>
org.openqa.selenium.TimeoutException: Timed out after 10 seconds waiting for com.optifyTest.PageDetail$1@11a1101
Build info: version: '2.24.1', revision: '17205', time: '2012-06-19 17:28:14'
System info: os.name: 'Linux', os.arch: 'i386', os.version: '3.6.11-5.fc17.i686', java.version: '1.7.0_09-icedtea'
Driver info: driver.version: unknown
	at org.openqa.selenium.support.ui.FluentWait.timeoutException(FluentWait.java:251)
	at org.openqa.selenium.support.ui.FluentWait.until(FluentWait.java:220)
	at com.optifyTest.PageDetail.share_email(PageDetail.java:390)
	at com.optifyTest.PageDetail.share_email(PageDetail.java:406)
	at com.optifyTest.PageDetail.share_email(PageDetail.java:406)
	at com.optifyTest.PageDetail.share_email(PageDetail.java:406)
	at com.optifyTest.PageDetail.share_email(PageDetail.java:406)
	at com.optifyTest.PageDetail.share(PageDetail.java:123)
	at sun.reflect.NativeMethodAccessorImpl.invoke0(Native Method)
	at sun.reflect.NativeMethodAccessorImpl.invoke(NativeMethodAccessorImpl.java:57)
	at sun.reflect.DelegatingMethodAccessorImpl.invoke(DelegatingMethodAccessorImpl.java:43)
	at java.lang.reflect.Method.invoke(Method.java:601)
	at org.junit.runners.model.FrameworkMethod$1.runReflectiveCall(FrameworkMethod.java:45)
	at org.junit.internal.runners.model.ReflectiveCallable.run(ReflectiveCallable.java:15)
	at org.junit.runners.model.FrameworkMethod.invokeExplosively(FrameworkMethod.java:42)
	at org.junit.internal.runners.statements.InvokeMethod.evaluate(InvokeMethod.java:20)
	at org.junit.runners.ParentRunner.runLeaf(ParentRunner.java:263)
	at org.junit.runners.BlockJUnit4ClassRunner.runChild(BlockJUnit4ClassRunner.java:68)
	at org.junit.runners.BlockJUnit4ClassRunner.runChild(BlockJUnit4ClassRunner.java:47)
	at org.junit.runners.ParentRunner$3.run(ParentRunner.java:231)
	at org.junit.runners.ParentRunner$1.schedule(ParentRunner.java:60)
	at org.junit.runners.ParentRunner.runChildren(ParentRunner.java:229)
	at org.junit.runners.ParentRunner.access$000(ParentRunner.java:50)
	at org.junit.runners.ParentRunner$2.evaluate(ParentRunner.java:222)
	at org.junit.internal.runners.statements.RunBefores.evaluate(RunBefores.java:28)
	at org.junit.internal.runners.statements.RunAfters.evaluate(RunAfters.java:30)
	at org.junit.runners.ParentRunner.run(ParentRunner.java:300)
	at org.junit.runners.Suite.runChild(Suite.java:128)
	at org.junit.runners.Suite.runChild(Suite.java:24)
	at org.junit.runners.ParentRunner$3.run(ParentRunner.java:231)
	at org.junit.runners.ParentRunner$1.schedule(ParentRunner.java:60)
	at org.junit.runners.ParentRunner.runChildren(ParentRunner.java:229)
	at org.junit.runners.ParentRunner.access$000(ParentRunner.java:50)
	at org.junit.runners.ParentRunner$2.evaluate(ParentRunner.java:222)
	at org.junit.runners.ParentRunner.run(ParentRunner.java:300)
	at org.junit.runner.JUnitCore.run(JUnitCore.java:157)
	at org.junit.runner.JUnitCore.run(JUnitCore.java:136)
	at org.junit.runner.JUnitCore.run(JUnitCore.java:117)
	at com.optifyTest.MainTest.run(MainTest.java:62)
	at java.lang.Thread.run(Thread.java:722)
Caused by: org.openqa.selenium.NoSuchElementException: The element could not be found (WARNING: The server did not provide any stacktrace information)
Command duration or timeout: 7 milliseconds
For documentation on this error, please visit: http://seleniumhq.org/exceptions/no_such_element.html
Build info: version: '2.24.1', revision: '17205', time: '2012-06-19 17:28:14'
System info: os.name: 'Linux', os.arch: 'i386', os.version: '3.6.11-5.fc17.i686', java.version: '1.7.0_09-icedtea'
Driver info: driver.version: RemoteWebDriver
Session ID: 7e482be747cfad9fe403055e0df3e638
	at sun.reflect.GeneratedConstructorAccessor14.newInstance(Unknown Source)
	at sun.reflect.DelegatingConstructorAccessorImpl.newInstance(DelegatingConstructorAccessorImpl.java:45)
	at java.lang.reflect.Constructor.newInstance(Constructor.java:525)
	at org.openqa.selenium.remote.ErrorHandler.createThrowable(ErrorHandler.java:188)
	at org.openqa.selenium.remote.ErrorHandler.throwIfResponseFailed(ErrorHandler.java:145)
	at org.openqa.selenium.remote.RemoteWebDriver.execute(RemoteWebDriver.java:472)
	at org.openqa.selenium.remote.RemoteWebDriver.findElement(RemoteWebDriver.java:242)
	at org.openqa.selenium.remote.RemoteWebDriver.findElementByXPath(RemoteWebDriver.java:327)
	at org.openqa.selenium.By$ByXPath.findElement(By.java:343)
	at org.openqa.selenium.remote.RemoteWebDriver.findElement(RemoteWebDriver.java:234)
	at com.optifyTest.PageDetail$1.apply(PageDetail.java:239)
	at com.optifyTest.PageDetail$1.apply(PageDetail.java:1)
	at org.openqa.selenium.support.ui.FluentWait.until(FluentWait.java:200)
	... 38 more
</textarea>
</form></td>
</tr>
<tr>
<td height='37' bgcolor='#CCCCCC'>com.optifyTest.PageDetail</td>
<td bgcolor='#CCCCCC'>assignToList</td>
<td bgcolor='#CCCCCC'></td>
<td bgcolor='#CCCCCC' style='text-align: left'>Check number of issues in test group expected:<1> but was:<-1></td>
<td bgcolor='#CCCCCC'><form id='form1' name='form1' method='post' action=''>
<textarea name='Trace' cols='135' rows='10' disabled='disabled' readonly='readonly' id='Trace'>
junit.framework.AssertionFailedError: Check number of issues in test group expected:<1> but was:<-1>
	at junit.framework.Assert.fail(Assert.java:50)
	at junit.framework.Assert.failNotEquals(Assert.java:287)
	at junit.framework.Assert.assertEquals(Assert.java:67)
	at junit.framework.Assert.assertEquals(Assert.java:199)
	at com.optifyTest.PageDetail.assignToList_test(PageDetail.java:587)
	at com.optifyTest.PageDetail.assignToList(PageDetail.java:155)
	at sun.reflect.NativeMethodAccessorImpl.invoke0(Native Method)
	at sun.reflect.NativeMethodAccessorImpl.invoke(NativeMethodAccessorImpl.java:57)
	at sun.reflect.DelegatingMethodAccessorImpl.invoke(DelegatingMethodAccessorImpl.java:43)
	at java.lang.reflect.Method.invoke(Method.java:601)
	at org.junit.runners.model.FrameworkMethod$1.runReflectiveCall(FrameworkMethod.java:45)
	at org.junit.internal.runners.model.ReflectiveCallable.run(ReflectiveCallable.java:15)
	at org.junit.runners.model.FrameworkMethod.invokeExplosively(FrameworkMethod.java:42)
	at org.junit.internal.runners.statements.InvokeMethod.evaluate(InvokeMethod.java:20)
	at org.junit.runners.ParentRunner.runLeaf(ParentRunner.java:263)
	at org.junit.runners.BlockJUnit4ClassRunner.runChild(BlockJUnit4ClassRunner.java:68)
	at org.junit.runners.BlockJUnit4ClassRunner.runChild(BlockJUnit4ClassRunner.java:47)
	at org.junit.runners.ParentRunner$3.run(ParentRunner.java:231)
	at org.junit.runners.ParentRunner$1.schedule(ParentRunner.java:60)
	at org.junit.runners.ParentRunner.runChildren(ParentRunner.java:229)
	at org.junit.runners.ParentRunner.access$000(ParentRunner.java:50)
	at org.junit.runners.ParentRunner$2.evaluate(ParentRunner.java:222)
	at org.junit.internal.runners.statements.RunBefores.evaluate(RunBefores.java:28)
	at org.junit.internal.runners.statements.RunAfters.evaluate(RunAfters.java:30)
	at org.junit.runners.ParentRunner.run(ParentRunner.java:300)
	at org.junit.runners.Suite.runChild(Suite.java:128)
	at org.junit.runners.Suite.runChild(Suite.java:24)
	at org.junit.runners.ParentRunner$3.run(ParentRunner.java:231)
	at org.junit.runners.ParentRunner$1.schedule(ParentRunner.java:60)
	at org.junit.runners.ParentRunner.runChildren(ParentRunner.java:229)
	at org.junit.runners.ParentRunner.access$000(ParentRunner.java:50)
	at org.junit.runners.ParentRunner$2.evaluate(ParentRunner.java:222)
	at org.junit.runners.ParentRunner.run(ParentRunner.java:300)
	at org.junit.runner.JUnitCore.run(JUnitCore.java:157)
	at org.junit.runner.JUnitCore.run(JUnitCore.java:136)
	at org.junit.runner.JUnitCore.run(JUnitCore.java:117)
	at com.optifyTest.MainTest.run(MainTest.java:62)
	at java.lang.Thread.run(Thread.java:722)
</textarea>
</form></td>
</tr>
<tr>
<td height='37' bgcolor='#CCCCCC'>com.optifyTest.Pages</td>
<td bgcolor='#CCCCCC'>sortIssuesTable</td>
<td bgcolor='#CCCCCC'>Testing issues sort.</td>
<td bgcolor='#CCCCCC' style='text-align: left'>Sort down abnormal</td>
<td bgcolor='#CCCCCC'><form id='form1' name='form1' method='post' action=''>
<textarea name='Trace' cols='135' rows='10' disabled='disabled' readonly='readonly' id='Trace'>
java.lang.Exception: Sort down abnormal
	at com.optifyTest.Pages.sortIssuesTable_issuesSort(Pages.java:1156)
	at com.optifyTest.Pages.sortIssuesTable_issuesSort(Pages.java:1173)
	at com.optifyTest.Pages.sortIssuesTable_issuesSort(Pages.java:1173)
	at com.optifyTest.Pages.sortIssuesTable_issuesSort(Pages.java:1173)
	at com.optifyTest.Pages.sortIssuesTable_issuesSort(Pages.java:1173)
	at com.optifyTest.Pages.sortIssuesTable(Pages.java:233)
	at sun.reflect.NativeMethodAccessorImpl.invoke0(Native Method)
	at sun.reflect.NativeMethodAccessorImpl.invoke(NativeMethodAccessorImpl.java:57)
	at sun.reflect.DelegatingMethodAccessorImpl.invoke(DelegatingMethodAccessorImpl.java:43)
	at java.lang.reflect.Method.invoke(Method.java:601)
	at org.junit.runners.model.FrameworkMethod$1.runReflectiveCall(FrameworkMethod.java:45)
	at org.junit.internal.runners.model.ReflectiveCallable.run(ReflectiveCallable.java:15)
	at org.junit.runners.model.FrameworkMethod.invokeExplosively(FrameworkMethod.java:42)
	at org.junit.internal.runners.statements.InvokeMethod.evaluate(InvokeMethod.java:20)
	at org.junit.runners.ParentRunner.runLeaf(ParentRunner.java:263)
	at org.junit.runners.BlockJUnit4ClassRunner.runChild(BlockJUnit4ClassRunner.java:68)
	at org.junit.runners.BlockJUnit4ClassRunner.runChild(BlockJUnit4ClassRunner.java:47)
	at org.junit.runners.ParentRunner$3.run(ParentRunner.java:231)
	at org.junit.runners.ParentRunner$1.schedule(ParentRunner.java:60)
	at org.junit.runners.ParentRunner.runChildren(ParentRunner.java:229)
	at org.junit.runners.ParentRunner.access$000(ParentRunner.java:50)
	at org.junit.runners.ParentRunner$2.evaluate(ParentRunner.java:222)
	at org.junit.internal.runners.statements.RunBefores.evaluate(RunBefores.java:28)
	at org.junit.internal.runners.statements.RunAfters.evaluate(RunAfters.java:30)
	at org.junit.runners.ParentRunner.run(ParentRunner.java:300)
	at org.junit.runners.Suite.runChild(Suite.java:128)
	at org.junit.runners.Suite.runChild(Suite.java:24)
	at org.junit.runners.ParentRunner$3.run(ParentRunner.java:231)
	at org.junit.runners.ParentRunner$1.schedule(ParentRunner.java:60)
	at org.junit.runners.ParentRunner.runChildren(ParentRunner.java:229)
	at org.junit.runners.ParentRunner.access$000(ParentRunner.java:50)
	at org.junit.runners.ParentRunner$2.evaluate(ParentRunner.java:222)
	at org.junit.runners.ParentRunner.run(ParentRunner.java:300)
	at org.junit.runner.JUnitCore.run(JUnitCore.java:157)
	at org.junit.runner.JUnitCore.run(JUnitCore.java:136)
	at org.junit.runner.JUnitCore.run(JUnitCore.java:117)
	at com.optifyTest.MainTest.run(MainTest.java:62)
	at java.lang.Thread.run(Thread.java:722)
</textarea>
</form></td>
</tr>
<tr>
<td height='37' bgcolor='#CCCCCC'>com.optifyTest.Pages</td>
<td bgcolor='#CCCCCC'>tableAction</td>
<td bgcolor='#CCCCCC'>Testing links.</td>
<td bgcolor='#CCCCCC' style='text-align: left'>Timed out after 10 seconds waiting for com.optifyTest.Pages$1@1e541ea
Build info: version: '2.24.1', revision: '17205', time: '2012-06-19 17:28:14'
System info: os.name: 'Linux', os.arch: 'i386', os.version: '3.6.11-5.fc17.i686', java.version: '1.7.0_09-icedtea'
Driver info: driver.version: unknown</td>
<td bgcolor='#CCCCCC'><form id='form1' name='form1' method='post' action=''>
<textarea name='Trace' cols='135' rows='10' disabled='disabled' readonly='readonly' id='Trace'>
org.openqa.selenium.TimeoutException: Timed out after 10 seconds waiting for com.optifyTest.Pages$1@1e541ea
Build info: version: '2.24.1', revision: '17205', time: '2012-06-19 17:28:14'
System info: os.name: 'Linux', os.arch: 'i386', os.version: '3.6.11-5.fc17.i686', java.version: '1.7.0_09-icedtea'
Driver info: driver.version: unknown
	at org.openqa.selenium.support.ui.FluentWait.timeoutException(FluentWait.java:251)
	at org.openqa.selenium.support.ui.FluentWait.until(FluentWait.java:220)
	at com.optifyTest.Pages.tableAction_links(Pages.java:1083)
	at com.optifyTest.Pages.tableAction_links(Pages.java:1096)
	at com.optifyTest.Pages.tableAction_links(Pages.java:1096)
	at com.optifyTest.Pages.tableAction_links(Pages.java:1096)
	at com.optifyTest.Pages.tableAction_links(Pages.java:1096)
	at com.optifyTest.Pages.tableAction(Pages.java:218)
	at sun.reflect.NativeMethodAccessorImpl.invoke0(Native Method)
	at sun.reflect.NativeMethodAccessorImpl.invoke(NativeMethodAccessorImpl.java:57)
	at sun.reflect.DelegatingMethodAccessorImpl.invoke(DelegatingMethodAccessorImpl.java:43)
	at java.lang.reflect.Method.invoke(Method.java:601)
	at org.junit.runners.model.FrameworkMethod$1.runReflectiveCall(FrameworkMethod.java:45)
	at org.junit.internal.runners.model.ReflectiveCallable.run(ReflectiveCallable.java:15)
	at org.junit.runners.model.FrameworkMethod.invokeExplosively(FrameworkMethod.java:42)
	at org.junit.internal.runners.statements.InvokeMethod.evaluate(InvokeMethod.java:20)
	at org.junit.runners.ParentRunner.runLeaf(ParentRunner.java:263)
	at org.junit.runners.BlockJUnit4ClassRunner.runChild(BlockJUnit4ClassRunner.java:68)
	at org.junit.runners.BlockJUnit4ClassRunner.runChild(BlockJUnit4ClassRunner.java:47)
	at org.junit.runners.ParentRunner$3.run(ParentRunner.java:231)
	at org.junit.runners.ParentRunner$1.schedule(ParentRunner.java:60)
	at org.junit.runners.ParentRunner.runChildren(ParentRunner.java:229)
	at org.junit.runners.ParentRunner.access$000(ParentRunner.java:50)
	at org.junit.runners.ParentRunner$2.evaluate(ParentRunner.java:222)
	at org.junit.internal.runners.statements.RunBefores.evaluate(RunBefores.java:28)
	at org.junit.internal.runners.statements.RunAfters.evaluate(RunAfters.java:30)
	at org.junit.runners.ParentRunner.run(ParentRunner.java:300)
	at org.junit.runners.Suite.runChild(Suite.java:128)
	at org.junit.runners.Suite.runChild(Suite.java:24)
	at org.junit.runners.ParentRunner$3.run(ParentRunner.java:231)
	at org.junit.runners.ParentRunner$1.schedule(ParentRunner.java:60)
	at org.junit.runners.ParentRunner.runChildren(ParentRunner.java:229)
	at org.junit.runners.ParentRunner.access$000(ParentRunner.java:50)
	at org.junit.runners.ParentRunner$2.evaluate(ParentRunner.java:222)
	at org.junit.runners.ParentRunner.run(ParentRunner.java:300)
	at org.junit.runner.JUnitCore.run(JUnitCore.java:157)
	at org.junit.runner.JUnitCore.run(JUnitCore.java:136)
	at org.junit.runner.JUnitCore.run(JUnitCore.java:117)
	at com.optifyTest.MainTest.run(MainTest.java:62)
	at java.lang.Thread.run(Thread.java:722)
Caused by: org.openqa.selenium.NoSuchElementException: The element could not be found (WARNING: The server did not provide any stacktrace information)
Command duration or timeout: 7 milliseconds
For documentation on this error, please visit: http://seleniumhq.org/exceptions/no_such_element.html
Build info: version: '2.24.1', revision: '17205', time: '2012-06-19 17:28:14'
System info: os.name: 'Linux', os.arch: 'i386', os.version: '3.6.11-5.fc17.i686', java.version: '1.7.0_09-icedtea'
Driver info: driver.version: RemoteWebDriver
Session ID: 38aecb4c7b1225e9ce55f2b58879797c
	at sun.reflect.GeneratedConstructorAccessor14.newInstance(Unknown Source)
	at sun.reflect.DelegatingConstructorAccessorImpl.newInstance(DelegatingConstructorAccessorImpl.java:45)
	at java.lang.reflect.Constructor.newInstance(Constructor.java:525)
	at org.openqa.selenium.remote.ErrorHandler.createThrowable(ErrorHandler.java:188)
	at org.openqa.selenium.remote.ErrorHandler.throwIfResponseFailed(ErrorHandler.java:145)
	at org.openqa.selenium.remote.RemoteWebDriver.execute(RemoteWebDriver.java:472)
	at org.openqa.selenium.remote.RemoteWebDriver.findElement(RemoteWebDriver.java:242)
	at org.openqa.selenium.remote.RemoteWebDriver.findElementByXPath(RemoteWebDriver.java:327)
	at org.openqa.selenium.By$ByXPath.findElement(By.java:343)
	at org.openqa.selenium.remote.RemoteWebDriver.findElement(RemoteWebDriver.java:234)
	at com.optifyTest.Pages$1.apply(Pages.java:333)
	at com.optifyTest.Pages$1.apply(Pages.java:1)
	at org.openqa.selenium.support.ui.FluentWait.until(FluentWait.java:200)
	... 38 more
</textarea>
</form></td>
</tr>
<tr>
<td height='37' bgcolor='#CCCCCC'>com.optifyTest.Keywords</td>
<td bgcolor='#CCCCCC'>com.optifyTest.Keywords</td>
<td bgcolor='#CCCCCC'></td>
<td bgcolor='#CCCCCC' style='text-align: left'>Session not found: 6a8b9ace5568c79605ada584663fc42a (WARNING: The server did not provide any stacktrace information)
Command duration or timeout: 0 milliseconds
Build info: version: '2.24.1', revision: '17205', time: '2012-06-19 17:28:14'
System info: os.name: 'Linux', os.arch: 'i386', os.version: '3.6.11-5.fc17.i686', java.version: '1.7.0_09-icedtea'
Driver info: driver.version: RemoteWebDriver</td>
<td bgcolor='#CCCCCC'><form id='form1' name='form1' method='post' action=''>
<textarea name='Trace' cols='135' rows='10' disabled='disabled' readonly='readonly' id='Trace'>
org.openqa.selenium.WebDriverException: Session not found: 6a8b9ace5568c79605ada584663fc42a (WARNING: The server did not provide any stacktrace information)
Command duration or timeout: 0 milliseconds
Build info: version: '2.24.1', revision: '17205', time: '2012-06-19 17:28:14'
System info: os.name: 'Linux', os.arch: 'i386', os.version: '3.6.11-5.fc17.i686', java.version: '1.7.0_09-icedtea'
Driver info: driver.version: RemoteWebDriver
	at sun.reflect.NativeConstructorAccessorImpl.newInstance0(Native Method)
	at sun.reflect.NativeConstructorAccessorImpl.newInstance(NativeConstructorAccessorImpl.java:57)
	at sun.reflect.DelegatingConstructorAccessorImpl.newInstance(DelegatingConstructorAccessorImpl.java:45)
	at java.lang.reflect.Constructor.newInstance(Constructor.java:525)
	at org.openqa.selenium.remote.ErrorHandler.createThrowable(ErrorHandler.java:188)
	at org.openqa.selenium.remote.ErrorHandler.throwIfResponseFailed(ErrorHandler.java:145)
	at org.openqa.selenium.remote.RemoteWebDriver.execute(RemoteWebDriver.java:472)
	at org.openqa.selenium.remote.RemoteWebDriver.execute(RemoteWebDriver.java:476)
	at org.openqa.selenium.remote.RemoteWebDriver.quit(RemoteWebDriver.java:346)
	at com.optifyTest.Keywords.summary(Keywords.java:359)
	at sun.reflect.NativeMethodAccessorImpl.invoke0(Native Method)
	at sun.reflect.NativeMethodAccessorImpl.invoke(NativeMethodAccessorImpl.java:57)
	at sun.reflect.DelegatingMethodAccessorImpl.invoke(DelegatingMethodAccessorImpl.java:43)
	at java.lang.reflect.Method.invoke(Method.java:601)
	at org.junit.runners.model.FrameworkMethod$1.runReflectiveCall(FrameworkMethod.java:45)
	at org.junit.internal.runners.model.ReflectiveCallable.run(ReflectiveCallable.java:15)
	at org.junit.runners.model.FrameworkMethod.invokeExplosively(FrameworkMethod.java:42)
	at org.junit.internal.runners.statements.RunAfters.evaluate(RunAfters.java:36)
	at org.junit.runners.ParentRunner.run(ParentRunner.java:300)
	at org.junit.runners.Suite.runChild(Suite.java:128)
	at org.junit.runners.Suite.runChild(Suite.java:24)
	at org.junit.runners.ParentRunner$3.run(ParentRunner.java:231)
	at org.junit.runners.ParentRunner$1.schedule(ParentRunner.java:60)
	at org.junit.runners.ParentRunner.runChildren(ParentRunner.java:229)
	at org.junit.runners.ParentRunner.access$000(ParentRunner.java:50)
	at org.junit.runners.ParentRunner$2.evaluate(ParentRunner.java:222)
	at org.junit.runners.ParentRunner.run(ParentRunner.java:300)
	at org.junit.runner.JUnitCore.run(JUnitCore.java:157)
	at org.junit.runner.JUnitCore.run(JUnitCore.java:136)
	at org.junit.runner.JUnitCore.run(JUnitCore.java:117)
	at com.optifyTest.MainTest.run(MainTest.java:62)
	at java.lang.Thread.run(Thread.java:722)
</textarea>
</form></td>
</tr>
<tr>
<td height='37' bgcolor='#CCCCCC'>com.optifyTest.Keywords</td>
<td bgcolor='#CCCCCC'>com.optifyTest.Keywords</td>
<td bgcolor='#CCCCCC'></td>
<td bgcolor='#CCCCCC' style='text-align: left'>The element could not be found (WARNING: The server did not provide any stacktrace information)
Command duration or timeout: 313 milliseconds
For documentation on this error, please visit: http://seleniumhq.org/exceptions/no_such_element.html
Build info: version: '2.24.1', revision: '17205', time: '2012-06-19 17:28:14'
System info: os.name: 'Linux', os.arch: 'i386', os.version: '3.6.11-5.fc17.i686', java.version: '1.7.0_09-icedtea'
Driver info: driver.version: RemoteWebDriver
Session ID: 6a8b9ace5568c79605ada584663fc42a</td>
<td bgcolor='#CCCCCC'><form id='form1' name='form1' method='post' action=''>
<textarea name='Trace' cols='135' rows='10' disabled='disabled' readonly='readonly' id='Trace'>
org.openqa.selenium.NoSuchElementException: The element could not be found (WARNING: The server did not provide any stacktrace information)
Command duration or timeout: 313 milliseconds
For documentation on this error, please visit: http://seleniumhq.org/exceptions/no_such_element.html
Build info: version: '2.24.1', revision: '17205', time: '2012-06-19 17:28:14'
System info: os.name: 'Linux', os.arch: 'i386', os.version: '3.6.11-5.fc17.i686', java.version: '1.7.0_09-icedtea'
Driver info: driver.version: RemoteWebDriver
Session ID: 6a8b9ace5568c79605ada584663fc42a
	at sun.reflect.GeneratedConstructorAccessor14.newInstance(Unknown Source)
	at sun.reflect.DelegatingConstructorAccessorImpl.newInstance(DelegatingConstructorAccessorImpl.java:45)
	at java.lang.reflect.Constructor.newInstance(Constructor.java:525)
	at org.openqa.selenium.remote.ErrorHandler.createThrowable(ErrorHandler.java:188)
	at org.openqa.selenium.remote.ErrorHandler.throwIfResponseFailed(ErrorHandler.java:145)
	at org.openqa.selenium.remote.RemoteWebDriver.execute(RemoteWebDriver.java:472)
	at org.openqa.selenium.remote.RemoteWebDriver.findElement(RemoteWebDriver.java:242)
	at org.openqa.selenium.remote.RemoteWebDriver.findElementById(RemoteWebDriver.java:271)
	at org.openqa.selenium.By$ById.findElement(By.java:215)
	at org.openqa.selenium.remote.RemoteWebDriver.findElement(RemoteWebDriver.java:234)
	at com.optifyTest.Keywords.enterToKeywords(Keywords.java:70)
	at com.optifyTest.Keywords.enterToKeywords(Keywords.java:92)
	at com.optifyTest.Keywords.enterToKeywords(Keywords.java:92)
	at com.optifyTest.Keywords.enterToKeywords(Keywords.java:92)
	at com.optifyTest.Keywords.enterToKeywords(Keywords.java:92)
	at com.optifyTest.Keywords.createAndStartService(Keywords.java:62)
	at sun.reflect.NativeMethodAccessorImpl.invoke0(Native Method)
	at sun.reflect.NativeMethodAccessorImpl.invoke(NativeMethodAccessorImpl.java:57)
	at sun.reflect.DelegatingMethodAccessorImpl.invoke(DelegatingMethodAccessorImpl.java:43)
	at java.lang.reflect.Method.invoke(Method.java:601)
	at org.junit.runners.model.FrameworkMethod$1.runReflectiveCall(FrameworkMethod.java:45)
	at org.junit.internal.runners.model.ReflectiveCallable.run(ReflectiveCallable.java:15)
	at org.junit.runners.model.FrameworkMethod.invokeExplosively(FrameworkMethod.java:42)
	at org.junit.internal.runners.statements.RunBefores.evaluate(RunBefores.java:27)
	at org.junit.internal.runners.statements.RunAfters.evaluate(RunAfters.java:30)
	at org.junit.runners.ParentRunner.run(ParentRunner.java:300)
	at org.junit.runners.Suite.runChild(Suite.java:128)
	at org.junit.runners.Suite.runChild(Suite.java:24)
	at org.junit.runners.ParentRunner$3.run(ParentRunner.java:231)
	at org.junit.runners.ParentRunner$1.schedule(ParentRunner.java:60)
	at org.junit.runners.ParentRunner.runChildren(ParentRunner.java:229)
	at org.junit.runners.ParentRunner.access$000(ParentRunner.java:50)
	at org.junit.runners.ParentRunner$2.evaluate(ParentRunner.java:222)
	at org.junit.runners.ParentRunner.run(ParentRunner.java:300)
	at org.junit.runner.JUnitCore.run(JUnitCore.java:157)
	at org.junit.runner.JUnitCore.run(JUnitCore.java:136)
	at org.junit.runner.JUnitCore.run(JUnitCore.java:117)
	at com.optifyTest.MainTest.run(MainTest.java:62)
	at java.lang.Thread.run(Thread.java:722)
</textarea>
</form></td>
</tr>
<tr>
<td height='37' bgcolor='#CCCCCC'>com.optifyTest.DashBoard</td>
<td bgcolor='#CCCCCC'>com.optifyTest.DashBoard</td>
<td bgcolor='#CCCCCC'>Login to Optify.</td>
<td bgcolor='#CCCCCC' style='text-align: left'>Session not found: a1a05b83485efb52283ad70bbc727a62 (WARNING: The server did not provide any stacktrace information)
Command duration or timeout: 1 milliseconds
Build info: version: '2.24.1', revision: '17205', time: '2012-06-19 17:28:14'
System info: os.name: 'Linux', os.arch: 'i386', os.version: '3.6.11-5.fc17.i686', java.version: '1.7.0_09-icedtea'
Driver info: driver.version: RemoteWebDriver</td>
<td bgcolor='#CCCCCC'><form id='form1' name='form1' method='post' action=''>
<textarea name='Trace' cols='135' rows='10' disabled='disabled' readonly='readonly' id='Trace'>
org.openqa.selenium.WebDriverException: Session not found: a1a05b83485efb52283ad70bbc727a62 (WARNING: The server did not provide any stacktrace information)
Command duration or timeout: 1 milliseconds
Build info: version: '2.24.1', revision: '17205', time: '2012-06-19 17:28:14'
System info: os.name: 'Linux', os.arch: 'i386', os.version: '3.6.11-5.fc17.i686', java.version: '1.7.0_09-icedtea'
Driver info: driver.version: RemoteWebDriver
	at sun.reflect.NativeConstructorAccessorImpl.newInstance0(Native Method)
	at sun.reflect.NativeConstructorAccessorImpl.newInstance(NativeConstructorAccessorImpl.java:57)
	at sun.reflect.DelegatingConstructorAccessorImpl.newInstance(DelegatingConstructorAccessorImpl.java:45)
	at java.lang.reflect.Constructor.newInstance(Constructor.java:525)
	at org.openqa.selenium.remote.ErrorHandler.createThrowable(ErrorHandler.java:188)
	at org.openqa.selenium.remote.ErrorHandler.throwIfResponseFailed(ErrorHandler.java:145)
	at org.openqa.selenium.remote.RemoteWebDriver.execute(RemoteWebDriver.java:472)
	at org.openqa.selenium.remote.RemoteWebDriver.execute(RemoteWebDriver.java:476)
	at org.openqa.selenium.remote.RemoteWebDriver.quit(RemoteWebDriver.java:346)
	at com.optifyTest.DashBoard.summary(DashBoard.java:418)
	at sun.reflect.NativeMethodAccessorImpl.invoke0(Native Method)
	at sun.reflect.NativeMethodAccessorImpl.invoke(NativeMethodAccessorImpl.java:57)
	at sun.reflect.DelegatingMethodAccessorImpl.invoke(DelegatingMethodAccessorImpl.java:43)
	at java.lang.reflect.Method.invoke(Method.java:601)
	at org.junit.runners.model.FrameworkMethod$1.runReflectiveCall(FrameworkMethod.java:45)
	at org.junit.internal.runners.model.ReflectiveCallable.run(ReflectiveCallable.java:15)
	at org.junit.runners.model.FrameworkMethod.invokeExplosively(FrameworkMethod.java:42)
	at org.junit.internal.runners.statements.RunAfters.evaluate(RunAfters.java:36)
	at org.junit.runners.ParentRunner.run(ParentRunner.java:300)
	at org.junit.runners.Suite.runChild(Suite.java:128)
	at org.junit.runners.Suite.runChild(Suite.java:24)
	at org.junit.runners.ParentRunner$3.run(ParentRunner.java:231)
	at org.junit.runners.ParentRunner$1.schedule(ParentRunner.java:60)
	at org.junit.runners.ParentRunner.runChildren(ParentRunner.java:229)
	at org.junit.runners.ParentRunner.access$000(ParentRunner.java:50)
	at org.junit.runners.ParentRunner$2.evaluate(ParentRunner.java:222)
	at org.junit.runners.ParentRunner.run(ParentRunner.java:300)
	at org.junit.runner.JUnitCore.run(JUnitCore.java:157)
	at org.junit.runner.JUnitCore.run(JUnitCore.java:136)
	at org.junit.runner.JUnitCore.run(JUnitCore.java:117)
	at com.optifyTest.MainTest.run(MainTest.java:62)
	at java.lang.Thread.run(Thread.java:722)
</textarea>
</form></td>
</tr>
<tr>
<td height='37' bgcolor='#CCCCCC'>com.optifyTest.DashBoard</td>
<td bgcolor='#CCCCCC'>com.optifyTest.DashBoard</td>
<td bgcolor='#CCCCCC'>Login to Optify.</td>
<td bgcolor='#CCCCCC' style='text-align: left'>The element could not be found (WARNING: The server did not provide any stacktrace information)
Command duration or timeout: 34 milliseconds
For documentation on this error, please visit: http://seleniumhq.org/exceptions/no_such_element.html
Build info: version: '2.24.1', revision: '17205', time: '2012-06-19 17:28:14'
System info: os.name: 'Linux', os.arch: 'i386', os.version: '3.6.11-5.fc17.i686', java.version: '1.7.0_09-icedtea'
Driver info: driver.version: RemoteWebDriver
Session ID: a1a05b83485efb52283ad70bbc727a62</td>
<td bgcolor='#CCCCCC'><form id='form1' name='form1' method='post' action=''>
<textarea name='Trace' cols='135' rows='10' disabled='disabled' readonly='readonly' id='Trace'>
org.openqa.selenium.NoSuchElementException: The element could not be found (WARNING: The server did not provide any stacktrace information)
Command duration or timeout: 34 milliseconds
For documentation on this error, please visit: http://seleniumhq.org/exceptions/no_such_element.html
Build info: version: '2.24.1', revision: '17205', time: '2012-06-19 17:28:14'
System info: os.name: 'Linux', os.arch: 'i386', os.version: '3.6.11-5.fc17.i686', java.version: '1.7.0_09-icedtea'
Driver info: driver.version: RemoteWebDriver
Session ID: a1a05b83485efb52283ad70bbc727a62
	at sun.reflect.GeneratedConstructorAccessor14.newInstance(Unknown Source)
	at sun.reflect.DelegatingConstructorAccessorImpl.newInstance(DelegatingConstructorAccessorImpl.java:45)
	at java.lang.reflect.Constructor.newInstance(Constructor.java:525)
	at org.openqa.selenium.remote.ErrorHandler.createThrowable(ErrorHandler.java:188)
	at org.openqa.selenium.remote.ErrorHandler.throwIfResponseFailed(ErrorHandler.java:145)
	at org.openqa.selenium.remote.RemoteWebDriver.execute(RemoteWebDriver.java:472)
	at org.openqa.selenium.remote.RemoteWebDriver.findElement(RemoteWebDriver.java:242)
	at org.openqa.selenium.remote.RemoteWebDriver.findElementById(RemoteWebDriver.java:271)
	at org.openqa.selenium.By$ById.findElement(By.java:215)
	at org.openqa.selenium.remote.RemoteWebDriver.findElement(RemoteWebDriver.java:234)
	at com.optifyTest.DashBoard.dashboardLogIn(DashBoard.java:69)
	at com.optifyTest.DashBoard.createAndStartService(DashBoard.java:62)
	at sun.reflect.NativeMethodAccessorImpl.invoke0(Native Method)
	at sun.reflect.NativeMethodAccessorImpl.invoke(NativeMethodAccessorImpl.java:57)
	at sun.reflect.DelegatingMethodAccessorImpl.invoke(DelegatingMethodAccessorImpl.java:43)
	at java.lang.reflect.Method.invoke(Method.java:601)
	at org.junit.runners.model.FrameworkMethod$1.runReflectiveCall(FrameworkMethod.java:45)
	at org.junit.internal.runners.model.ReflectiveCallable.run(ReflectiveCallable.java:15)
	at org.junit.runners.model.FrameworkMethod.invokeExplosively(FrameworkMethod.java:42)
	at org.junit.internal.runners.statements.RunBefores.evaluate(RunBefores.java:27)
	at org.junit.internal.runners.statements.RunAfters.evaluate(RunAfters.java:30)
	at org.junit.runners.ParentRunner.run(ParentRunner.java:300)
	at org.junit.runners.Suite.runChild(Suite.java:128)
	at org.junit.runners.Suite.runChild(Suite.java:24)
	at org.junit.runners.ParentRunner$3.run(ParentRunner.java:231)
	at org.junit.runners.ParentRunner$1.schedule(ParentRunner.java:60)
	at org.junit.runners.ParentRunner.runChildren(ParentRunner.java:229)
	at org.junit.runners.ParentRunner.access$000(ParentRunner.java:50)
	at org.junit.runners.ParentRunner$2.evaluate(ParentRunner.java:222)
	at org.junit.runners.ParentRunner.run(ParentRunner.java:300)
	at org.junit.runner.JUnitCore.run(JUnitCore.java:157)
	at org.junit.runner.JUnitCore.run(JUnitCore.java:136)
	at org.junit.runner.JUnitCore.run(JUnitCore.java:117)
	at com.optifyTest.MainTest.run(MainTest.java:62)
	at java.lang.Thread.run(Thread.java:722)
</textarea>
</form></td>
</tr>
</table>
<p>&nbsp;</p>
</body>
</html>